<?xml version="1.0" encoding="UTF-8"?>
<coverage generated="1770738860226" clover="3.2.0">
  <project timestamp="1770738860226" name="All files">
    <metrics statements="438" coveredstatements="428" conditionals="327" coveredconditionals="296" methods="45" coveredmethods="45" elements="810" coveredelements="769" complexity="0" loc="438" ncloc="438" packages="4" files="8" classes="8"/>
    <package name="src">
      <metrics statements="0" coveredstatements="0" conditionals="0" coveredconditionals="0" methods="0" coveredmethods="0"/>
      <file name="index.ts" path="/Users/omsoo/Projects/input-number-mask/src/index.ts">
        <metrics statements="0" coveredstatements="0" conditionals="0" coveredconditionals="0" methods="0" coveredmethods="0"/>
      </file>
    </package>
    <package name="src.component">
      <metrics statements="98" coveredstatements="98" conditionals="77" coveredconditionals="74" methods="17" coveredmethods="17"/>
      <file name="InputNumberMask.tsx" path="/Users/omsoo/Projects/input-number-mask/src/component/InputNumberMask.tsx">
        <metrics statements="25" coveredstatements="25" conditionals="22" coveredconditionals="22" methods="5" coveredmethods="5"/>
        <line num="7" count="3" type="stmt"/>
        <line num="8" count="3" type="stmt"/>
        <line num="68" count="3" type="stmt"/>
        <line num="82" count="109" type="stmt"/>
        <line num="85" count="109" type="stmt"/>
        <line num="86" count="23" type="cond" truecount="2" falsecount="0"/>
        <line num="87" count="3" type="stmt"/>
        <line num="88" count="3" type="stmt"/>
        <line num="90" count="20" type="stmt"/>
        <line num="94" count="109" type="cond" truecount="2" falsecount="0"/>
        <line num="96" count="109" type="stmt"/>
        <line num="103" count="82" type="cond" truecount="2" falsecount="0"/>
        <line num="104" count="77" type="stmt"/>
        <line num="106" count="82" type="stmt"/>
        <line num="107" count="82" type="cond" truecount="2" falsecount="0"/>
        <line num="112" count="109" type="stmt"/>
        <line num="113" count="23" type="cond" truecount="2" falsecount="0"/>
        <line num="114" count="1" type="stmt"/>
        <line num="115" count="22" type="cond" truecount="2" falsecount="0"/>
        <line num="117" count="1" type="stmt"/>
        <line num="121" count="109" type="stmt"/>
        <line num="122" count="109" type="cond" truecount="4" falsecount="0"/>
        <line num="124" count="109" type="stmt"/>
        <line num="134" count="80" type="stmt"/>
        <line num="144" count="3" type="stmt"/>
      </file>
      <file name="InputNumberMaskContentEditable.tsx" path="/Users/omsoo/Projects/input-number-mask/src/component/InputNumberMaskContentEditable.tsx">
        <metrics statements="73" coveredstatements="73" conditionals="55" coveredconditionals="52" methods="12" coveredmethods="12"/>
        <line num="7" count="2" type="stmt"/>
        <line num="8" count="2" type="stmt"/>
        <line num="83" count="2" type="stmt"/>
        <line num="99" count="105" type="stmt"/>
        <line num="102" count="105" type="stmt"/>
        <line num="103" count="26" type="cond" truecount="2" falsecount="0"/>
        <line num="104" count="6" type="stmt"/>
        <line num="105" count="6" type="stmt"/>
        <line num="107" count="20" type="stmt"/>
        <line num="111" count="105" type="cond" truecount="2" falsecount="0"/>
        <line num="114" count="105" type="stmt"/>
        <line num="115" count="27" type="cond" truecount="2" falsecount="0"/>
        <line num="116" count="23" type="stmt"/>
        <line num="117" count="23" type="stmt"/>
        <line num="118" count="23" type="stmt"/>
        <line num="123" count="105" type="stmt"/>
        <line num="130" count="49" type="cond" truecount="2" falsecount="0"/>
        <line num="131" count="48" type="stmt"/>
        <line num="133" count="49" type="stmt"/>
        <line num="134" count="49" type="cond" truecount="2" falsecount="0"/>
        <line num="139" count="105" type="stmt"/>
        <line num="140" count="26" type="cond" truecount="2" falsecount="0"/>
        <line num="141" count="1" type="stmt"/>
        <line num="142" count="25" type="cond" truecount="2" falsecount="0"/>
        <line num="144" count="1" type="stmt"/>
        <line num="149" count="105" type="stmt"/>
        <line num="150" count="105" type="stmt"/>
        <line num="153" count="105" type="stmt"/>
        <line num="154" count="26" type="cond" truecount="4" falsecount="0"/>
        <line num="156" count="7" type="stmt"/>
        <line num="157" count="7" type="stmt"/>
        <line num="158" count="7" type="cond" truecount="1" falsecount="1"/>
        <line num="159" count="7" type="stmt"/>
        <line num="160" count="7" type="stmt"/>
        <line num="161" count="7" type="stmt"/>
        <line num="163" count="7" type="stmt"/>
        <line num="169" count="26" type="stmt"/>
        <line num="170" count="7" type="stmt"/>
        <line num="175" count="105" type="stmt"/>
        <line num="176" count="77" type="cond" truecount="4" falsecount="0"/>
        <line num="178" count="9" type="stmt"/>
        <line num="179" count="9" type="cond" truecount="4" falsecount="0"/>
        <line num="181" count="5" type="cond" truecount="2" falsecount="0"/>
        <line num="182" count="1" type="stmt"/>
        <line num="184" count="5" type="stmt"/>
        <line num="187" count="4" type="stmt"/>
        <line num="190" count="4" type="stmt"/>
        <line num="192" count="4" type="stmt"/>
        <line num="193" count="8" type="cond" truecount="2" falsecount="0"/>
        <line num="194" count="4" type="cond" truecount="1" falsecount="1"/>
        <line num="196" count="4" type="stmt"/>
        <line num="197" count="12" type="cond" truecount="1" falsecount="1"/>
        <line num="199" count="12" type="stmt"/>
        <line num="200" count="12" type="stmt"/>
        <line num="201" count="12" type="stmt"/>
        <line num="202" count="12" type="cond" truecount="4" falsecount="0"/>
        <line num="204" count="12" type="cond" truecount="4" falsecount="0"/>
        <line num="205" count="3" type="stmt"/>
        <line num="206" count="3" type="stmt"/>
        <line num="207" count="3" type="stmt"/>
        <line num="208" count="3" type="stmt"/>
        <line num="210" count="12" type="stmt"/>
        <line num="213" count="4" type="stmt"/>
        <line num="214" count="4" type="stmt"/>
        <line num="219" count="4" type="stmt"/>
        <line num="221" count="4" type="stmt"/>
        <line num="222" count="4" type="stmt"/>
        <line num="224" count="4" type="stmt"/>
        <line num="225" count="4" type="cond" truecount="4" falsecount="0"/>
        <line num="226" count="3" type="stmt"/>
        <line num="232" count="105" type="cond" truecount="2" falsecount="0"/>
        <line num="234" count="105" type="stmt"/>
        <line num="252" count="2" type="stmt"/>
      </file>
      <file name="index.ts" path="/Users/omsoo/Projects/input-number-mask/src/component/index.ts">
        <metrics statements="0" coveredstatements="0" conditionals="0" coveredconditionals="0" methods="0" coveredmethods="0"/>
      </file>
    </package>
    <package name="src.hook">
      <metrics statements="172" coveredstatements="172" conditionals="113" coveredconditionals="98" methods="21" coveredmethods="21"/>
      <file name="index.ts" path="/Users/omsoo/Projects/input-number-mask/src/hook/index.ts">
        <metrics statements="0" coveredstatements="0" conditionals="0" coveredconditionals="0" methods="0" coveredmethods="0"/>
      </file>
      <file name="useContentEditableMask.ts" path="/Users/omsoo/Projects/input-number-mask/src/hook/useContentEditableMask.ts">
        <metrics statements="91" coveredstatements="91" conditionals="61" coveredconditionals="52" methods="11" coveredmethods="11"/>
        <line num="27" count="147" type="stmt"/>
        <line num="28" count="41" type="cond" truecount="2" falsecount="0"/>
        <line num="29" count="39" type="stmt"/>
        <line num="30" count="39" type="stmt"/>
        <line num="32" count="2" type="stmt"/>
        <line num="35" count="147" type="stmt"/>
        <line num="36" count="147" type="stmt"/>
        <line num="39" count="147" type="cond" truecount="2" falsecount="0"/>
        <line num="45" count="147" type="cond" truecount="4" falsecount="0"/>
        <line num="46" count="8" type="stmt"/>
        <line num="50" count="147" type="stmt"/>
        <line num="51" count="68" type="stmt"/>
        <line num="52" count="68" type="cond" truecount="3" falsecount="1"/>
        <line num="54" count="68" type="stmt"/>
        <line num="57" count="68" type="stmt"/>
        <line num="58" count="68" type="stmt"/>
        <line num="59" count="68" type="stmt"/>
        <line num="60" count="68" type="stmt"/>
        <line num="63" count="68" type="stmt"/>
        <line num="65" count="68" type="stmt"/>
        <line num="69" count="147" type="stmt"/>
        <line num="70" count="91" type="stmt"/>
        <line num="71" count="91" type="stmt"/>
        <line num="72" count="91" type="cond" truecount="2" falsecount="0"/>
        <line num="73" count="14" type="stmt"/>
        <line num="76" count="77" type="stmt"/>
        <line num="77" count="77" type="stmt"/>
        <line num="79" count="77" type="stmt"/>
        <line num="80" count="154" type="cond" truecount="1" falsecount="1"/>
        <line num="81" count="154" type="cond" truecount="2" falsecount="0"/>
        <line num="82" count="77" type="cond" truecount="1" falsecount="1"/>
        <line num="83" count="77" type="cond" truecount="2" falsecount="0"/>
        <line num="84" count="76" type="stmt"/>
        <line num="85" count="76" type="stmt"/>
        <line num="86" count="76" type="stmt"/>
        <line num="87" count="76" type="stmt"/>
        <line num="89" count="1" type="stmt"/>
        <line num="91" count="77" type="stmt"/>
        <line num="92" count="77" type="stmt"/>
        <line num="97" count="77" type="stmt"/>
        <line num="99" count="77" type="cond" truecount="2" falsecount="0"/>
        <line num="100" count="76" type="stmt"/>
        <line num="101" count="76" type="stmt"/>
        <line num="106" count="147" type="stmt"/>
        <line num="107" count="111" type="cond" truecount="4" falsecount="0"/>
        <line num="108" count="90" type="stmt"/>
        <line num="112" count="147" type="stmt"/>
        <line num="113" count="124" type="cond" truecount="4" falsecount="0"/>
        <line num="115" count="78" type="stmt"/>
        <line num="121" count="147" type="stmt"/>
        <line num="122" count="122" type="stmt"/>
        <line num="123" count="122" type="cond" truecount="2" falsecount="0"/>
        <line num="125" count="112" type="stmt"/>
        <line num="126" count="68" type="cond" truecount="4" falsecount="0"/>
        <line num="127" count="59" type="stmt"/>
        <line num="129" count="59" type="cond" truecount="1" falsecount="1"/>
        <line num="130" count="59" type="stmt"/>
        <line num="138" count="59" type="stmt"/>
        <line num="149" count="59" type="cond" truecount="1" falsecount="1"/>
        <line num="150" count="59" type="stmt"/>
        <line num="151" count="59" type="stmt"/>
        <line num="152" count="59" type="stmt"/>
        <line num="156" count="68" type="cond" truecount="2" falsecount="0"/>
        <line num="157" count="9" type="stmt"/>
        <line num="158" count="9" type="stmt"/>
        <line num="160" count="9" type="cond" truecount="2" falsecount="0"/>
        <line num="161" count="7" type="stmt"/>
        <line num="172" count="7" type="cond" truecount="1" falsecount="1"/>
        <line num="173" count="7" type="stmt"/>
        <line num="174" count="7" type="stmt"/>
        <line num="175" count="7" type="stmt"/>
        <line num="178" count="2" type="cond" truecount="1" falsecount="1"/>
        <line num="179" count="2" type="stmt"/>
        <line num="190" count="2" type="cond" truecount="1" falsecount="1"/>
        <line num="191" count="2" type="stmt"/>
        <line num="192" count="2" type="stmt"/>
        <line num="193" count="2" type="stmt"/>
        <line num="199" count="112" type="stmt"/>
        <line num="201" count="18" type="stmt"/>
        <line num="202" count="18" type="cond" truecount="2" falsecount="0"/>
        <line num="204" count="13" type="stmt"/>
        <line num="205" count="13" type="cond" truecount="1" falsecount="1"/>
        <line num="206" count="13" type="stmt"/>
        <line num="208" count="13" type="stmt"/>
        <line num="213" count="112" type="stmt"/>
        <line num="214" count="112" type="stmt"/>
        <line num="215" count="112" type="stmt"/>
        <line num="216" count="112" type="stmt"/>
        <line num="217" count="112" type="stmt"/>
        <line num="221" count="147" type="stmt"/>
        <line num="223" count="147" type="stmt"/>
      </file>
      <file name="useInputNumberMask.ts" path="/Users/omsoo/Projects/input-number-mask/src/hook/useInputNumberMask.ts">
        <metrics statements="81" coveredstatements="81" conditionals="52" coveredconditionals="46" methods="10" coveredmethods="10"/>
        <line num="68" count="172" type="stmt"/>
        <line num="69" count="39" type="cond" truecount="2" falsecount="0"/>
        <line num="70" count="38" type="stmt"/>
        <line num="71" count="38" type="stmt"/>
        <line num="73" count="1" type="stmt"/>
        <line num="76" count="172" type="stmt"/>
        <line num="77" count="172" type="stmt"/>
        <line num="78" count="172" type="stmt"/>
        <line num="80" count="172" type="cond" truecount="2" falsecount="0"/>
        <line num="86" count="172" type="cond" truecount="4" falsecount="0"/>
        <line num="87" count="6" type="stmt"/>
        <line num="90" count="172" type="stmt"/>
        <line num="91" count="166" type="cond" truecount="4" falsecount="0"/>
        <line num="92" count="124" type="stmt"/>
        <line num="96" count="172" type="stmt"/>
        <line num="97" count="166" type="stmt"/>
        <line num="98" count="166" type="cond" truecount="2" falsecount="0"/>
        <line num="100" count="157" type="stmt"/>
        <line num="101" count="543" type="cond" truecount="1" falsecount="1"/>
        <line num="102" count="543" type="stmt"/>
        <line num="109" count="157" type="stmt"/>
        <line num="110" count="125" type="stmt"/>
        <line num="111" count="125" type="stmt"/>
        <line num="112" count="125" type="cond" truecount="2" falsecount="0"/>
        <line num="113" count="125" type="cond" truecount="2" falsecount="0"/>
        <line num="115" count="125" type="cond" truecount="4" falsecount="0"/>
        <line num="116" count="11" type="stmt"/>
        <line num="117" count="11" type="cond" truecount="2" falsecount="0"/>
        <line num="119" count="11" type="stmt"/>
        <line num="130" count="11" type="cond" truecount="1" falsecount="1"/>
        <line num="131" count="11" type="stmt"/>
        <line num="132" count="11" type="stmt"/>
        <line num="133" count="11" type="stmt"/>
        <line num="138" count="157" type="stmt"/>
        <line num="139" count="117" type="stmt"/>
        <line num="140" count="117" type="stmt"/>
        <line num="141" count="117" type="cond" truecount="1" falsecount="1"/>
        <line num="143" count="117" type="stmt"/>
        <line num="144" count="117" type="stmt"/>
        <line num="146" count="117" type="stmt"/>
        <line num="147" count="117" type="stmt"/>
        <line num="149" count="117" type="cond" truecount="5" falsecount="0"/>
        <line num="150" count="18" type="stmt"/>
        <line num="151" count="18" type="stmt"/>
        <line num="154" count="18" type="cond" truecount="1" falsecount="1"/>
        <line num="155" count="18" type="stmt"/>
        <line num="166" count="18" type="cond" truecount="1" falsecount="1"/>
        <line num="167" count="18" type="stmt"/>
        <line num="168" count="18" type="stmt"/>
        <line num="169" count="18" type="stmt"/>
        <line num="170" count="18" type="stmt"/>
        <line num="175" count="99" type="stmt"/>
        <line num="176" count="99" type="stmt"/>
        <line num="177" count="99" type="stmt"/>
        <line num="179" count="99" type="stmt"/>
        <line num="180" count="99" type="stmt"/>
        <line num="182" count="99" type="cond" truecount="2" falsecount="0"/>
        <line num="183" count="4" type="stmt"/>
        <line num="184" count="4" type="stmt"/>
        <line num="185" count="4" type="cond" truecount="1" falsecount="1"/>
        <line num="187" count="4" type="stmt"/>
        <line num="190" count="95" type="stmt"/>
        <line num="191" count="95" type="stmt"/>
        <line num="193" count="99" type="stmt"/>
        <line num="194" count="99" type="stmt"/>
        <line num="197" count="99" type="stmt"/>
        <line num="200" count="157" type="stmt"/>
        <line num="201" count="157" type="stmt"/>
        <line num="202" count="157" type="stmt"/>
        <line num="203" count="157" type="stmt"/>
        <line num="204" count="157" type="stmt"/>
        <line num="205" count="157" type="stmt"/>
        <line num="207" count="157" type="stmt"/>
        <line num="208" count="157" type="stmt"/>
        <line num="209" count="157" type="stmt"/>
        <line num="210" count="157" type="stmt"/>
        <line num="211" count="157" type="stmt"/>
        <line num="212" count="157" type="stmt"/>
        <line num="213" count="157" type="stmt"/>
        <line num="217" count="172" type="stmt"/>
        <line num="219" count="172" type="stmt"/>
      </file>
    </package>
    <package name="src.utils">
      <metrics statements="168" coveredstatements="158" conditionals="137" coveredconditionals="124" methods="7" coveredmethods="7"/>
      <file name="maskUtils.ts" path="/Users/omsoo/Projects/input-number-mask/src/utils/maskUtils.ts">
        <metrics statements="168" coveredstatements="158" conditionals="137" coveredconditionals="124" methods="7" coveredmethods="7"/>
        <line num="1" count="5936" type="stmt"/>
        <line num="3" count="15" type="stmt"/>
        <line num="4" count="1277" type="stmt"/>
        <line num="5" count="1277" type="stmt"/>
        <line num="7" count="1277" type="stmt"/>
        <line num="8" count="6112" type="stmt"/>
        <line num="10" count="6112" type="cond" truecount="2" falsecount="0"/>
        <line num="11" count="4" type="stmt"/>
        <line num="14" count="6108" type="cond" truecount="2" falsecount="0"/>
        <line num="15" count="4591" type="cond" truecount="2" falsecount="0"/>
        <line num="16" count="4123" type="stmt"/>
        <line num="17" count="4123" type="stmt"/>
        <line num="21" count="1517" type="cond" truecount="2" falsecount="0"/>
        <line num="22" count="1417" type="stmt"/>
        <line num="24" count="100" type="stmt"/>
        <line num="25" count="100" type="cond" truecount="3" falsecount="0"/>
        <line num="26" count="106" type="stmt"/>
        <line num="28" count="100" type="cond" truecount="3" falsecount="1"/>
        <line num="29" count="100" type="cond" truecount="2" falsecount="0"/>
        <line num="30" count="94" type="stmt"/>
        <line num="31" count="94" type="stmt"/>
        <line num="33" count="0" type="cond" truecount="0" falsecount="4"/>
        <line num="34" count="0" type="stmt"/>
        <line num="38" count="1277" type="stmt"/>
        <line num="41" count="15" type="stmt"/>
        <line num="42" count="593" type="stmt"/>
        <line num="43" count="593" type="stmt"/>
        <line num="45" count="593" type="stmt"/>
        <line num="46" count="3074" type="stmt"/>
        <line num="48" count="3074" type="cond" truecount="2" falsecount="0"/>
        <line num="49" count="2312" type="cond" truecount="2" falsecount="0"/>
        <line num="50" count="1681" type="stmt"/>
        <line num="53" count="631" type="cond" truecount="4" falsecount="0"/>
        <line num="54" count="180" type="stmt"/>
        <line num="56" count="451" type="cond" truecount="2" falsecount="0"/>
        <line num="57" count="449" type="stmt"/>
        <line num="62" count="762" type="stmt"/>
        <line num="65" count="593" type="stmt"/>
        <line num="68" count="15" type="stmt"/>
        <line num="76" count="59" type="stmt"/>
        <line num="77" count="59" type="stmt"/>
        <line num="80" count="59" type="cond" truecount="2" falsecount="0"/>
        <line num="81" count="11" type="stmt"/>
        <line num="82" count="17" type="cond" truecount="2" falsecount="0"/>
        <line num="83" count="16" type="cond" truecount="4" falsecount="0"/>
        <line num="84" count="16" type="stmt"/>
        <line num="87" count="11" type="stmt"/>
        <line num="91" count="48" type="cond" truecount="2" falsecount="0"/>
        <line num="107" count="9" type="stmt"/>
        <line num="108" count="9" type="cond" truecount="4" falsecount="0"/>
        <line num="110" count="3" type="stmt"/>
        <line num="112" count="3" type="cond" truecount="2" falsecount="0"/>
        <line num="113" count="1" type="stmt"/>
        <line num="118" count="9" type="stmt"/>
        <line num="119" count="15" type="cond" truecount="2" falsecount="0"/>
        <line num="120" count="14" type="cond" truecount="3" falsecount="1"/>
        <line num="121" count="14" type="stmt"/>
        <line num="126" count="9" type="stmt"/>
        <line num="127" count="9" type="stmt"/>
        <line num="128" count="9" type="cond" truecount="1" falsecount="1"/>
        <line num="129" count="9" type="stmt"/>
        <line num="131" count="0" type="stmt"/>
        <line num="134" count="9" type="cond" truecount="4" falsecount="0"/>
        <line num="135" count="8" type="stmt"/>
        <line num="136" count="8" type="stmt"/>
        <line num="138" count="1" type="stmt"/>
        <line num="141" count="9" type="stmt"/>
        <line num="146" count="39" type="stmt"/>
        <line num="147" count="39" type="stmt"/>
        <line num="148" count="45" type="cond" truecount="2" falsecount="0"/>
        <line num="149" count="37" type="stmt"/>
        <line num="151" count="8" type="stmt"/>
        <line num="154" count="39" type="cond" truecount="4" falsecount="0"/>
        <line num="155" count="36" type="stmt"/>
        <line num="156" count="36" type="stmt"/>
        <line num="158" count="3" type="stmt"/>
        <line num="161" count="39" type="stmt"/>
        <line num="164" count="15" type="stmt"/>
        <line num="165" count="78" type="cond" truecount="2" falsecount="0"/>
        <line num="167" count="61" type="stmt"/>
        <line num="168" count="541" type="stmt"/>
        <line num="169" count="541" type="stmt"/>
        <line num="170" count="541" type="cond" truecount="4" falsecount="0"/>
        <line num="172" count="541" type="cond" truecount="2" falsecount="0"/>
        <line num="175" count="434" type="stmt"/>
        <line num="176" count="434" type="cond" truecount="2" falsecount="0"/>
        <line num="178" count="434" type="cond" truecount="4" falsecount="0"/>
        <line num="179" count="1" type="stmt"/>
        <line num="183" count="107" type="cond" truecount="1" falsecount="1"/>
        <line num="184" count="0" type="stmt"/>
        <line num="188" count="60" type="stmt"/>
        <line num="192" count="15" type="stmt"/>
        <line num="203" count="114" type="stmt"/>
        <line num="205" count="114" type="cond" truecount="2" falsecount="0"/>
        <line num="206" count="84" type="cond" truecount="2" falsecount="0"/>
        <line num="212" count="39" type="cond" truecount="4" falsecount="0"/>
        <line num="213" count="35" type="stmt"/>
        <line num="218" count="49" type="stmt"/>
        <line num="219" count="49" type="cond" truecount="2" falsecount="0"/>
        <line num="220" count="2" type="stmt"/>
        <line num="222" count="47" type="stmt"/>
        <line num="225" count="49" type="stmt"/>
        <line num="226" count="49" type="stmt"/>
        <line num="229" count="49" type="stmt"/>
        <line num="230" count="49" type="stmt"/>
        <line num="232" count="49" type="stmt"/>
        <line num="234" count="49" type="stmt"/>
        <line num="237" count="30" type="cond" truecount="2" falsecount="0"/>
        <line num="238" count="23" type="cond" truecount="4" falsecount="0"/>
        <line num="240" count="22" type="cond" truecount="2" falsecount="0"/>
        <line num="241" count="1" type="cond" truecount="1" falsecount="1"/>
        <line num="242" count="1" type="stmt"/>
        <line num="243" count="1" type="stmt"/>
        <line num="245" count="0" type="stmt"/>
        <line num="246" count="0" type="stmt"/>
        <line num="247" count="0" type="stmt"/>
        <line num="248" count="0" type="stmt"/>
        <line num="253" count="21" type="stmt"/>
        <line num="254" count="21" type="stmt"/>
        <line num="255" count="27" type="stmt"/>
        <line num="256" count="27" type="cond" truecount="2" falsecount="0"/>
        <line num="257" count="7" type="stmt"/>
        <line num="259" count="20" type="stmt"/>
        <line num="263" count="21" type="cond" truecount="2" falsecount="0"/>
        <line num="265" count="20" type="cond" truecount="2" falsecount="0"/>
        <line num="266" count="5" type="cond" truecount="3" falsecount="1"/>
        <line num="267" count="5" type="stmt"/>
        <line num="268" count="5" type="stmt"/>
        <line num="270" count="15" type="stmt"/>
        <line num="271" count="15" type="stmt"/>
        <line num="272" count="15" type="stmt"/>
        <line num="273" count="15" type="stmt"/>
        <line num="277" count="7" type="cond" truecount="1" falsecount="1"/>
        <line num="278" count="7" type="cond" truecount="2" falsecount="0"/>
        <line num="279" count="2" type="cond" truecount="2" falsecount="0"/>
        <line num="280" count="1" type="stmt"/>
        <line num="281" count="1" type="stmt"/>
        <line num="283" count="1" type="stmt"/>
        <line num="284" count="1" type="stmt"/>
        <line num="285" count="1" type="stmt"/>
        <line num="286" count="1" type="stmt"/>
        <line num="290" count="5" type="stmt"/>
        <line num="291" count="5" type="stmt"/>
        <line num="292" count="4" type="stmt"/>
        <line num="293" count="4" type="cond" truecount="1" falsecount="1"/>
        <line num="294" count="0" type="stmt"/>
        <line num="296" count="4" type="stmt"/>
        <line num="300" count="5" type="cond" truecount="2" falsecount="0"/>
        <line num="302" count="4" type="cond" truecount="2" falsecount="0"/>
        <line num="303" count="1" type="cond" truecount="3" falsecount="1"/>
        <line num="304" count="1" type="stmt"/>
        <line num="305" count="1" type="stmt"/>
        <line num="307" count="3" type="stmt"/>
        <line num="308" count="3" type="stmt"/>
        <line num="309" count="3" type="stmt"/>
        <line num="310" count="3" type="stmt"/>
        <line num="314" count="0" type="stmt"/>
        <line num="323" count="15" type="stmt"/>
        <line num="328" count="149" type="stmt"/>
        <line num="329" count="149" type="stmt"/>
        <line num="331" count="149" type="stmt"/>
        <line num="332" count="785" type="cond" truecount="2" falsecount="0"/>
        <line num="333" count="738" type="cond" truecount="4" falsecount="0"/>
        <line num="334" count="552" type="stmt"/>
        <line num="336" count="738" type="stmt"/>
        <line num="340" count="149" type="cond" truecount="2" falsecount="0"/>
        <line num="341" count="47" type="stmt"/>
        <line num="344" count="149" type="stmt"/>
      </file>
    </package>
  </project>
</coverage>
