{"/Users/omsoo/Projects/input-number-mask/src/index.ts": {"path":"/Users/omsoo/Projects/input-number-mask/src/index.ts","statementMap":{},"fnMap":{},"branchMap":{},"s":{},"f":{},"b":{},"meta":{"lastBranch":0,"lastFunction":0,"lastStatement":0,"seen":{}}}
,"/Users/omsoo/Projects/input-number-mask/src/component/InputNumberMask.tsx": {"path":"/Users/omsoo/Projects/input-number-mask/src/component/InputNumberMask.tsx","statementMap":{"0":{"start":{"line":7,"column":10},"end":{"line":7,"column":null}},"1":{"start":{"line":8,"column":19},"end":{"line":19,"column":null}},"2":{"start":{"line":68,"column":31},"end":{"line":142,"column":null}},"3":{"start":{"line":82,"column":25},"end":{"line":82,"column":null}},"4":{"start":{"line":85,"column":42},"end":{"line":91,"column":null}},"5":{"start":{"line":86,"column":8},"end":{"line":89,"column":null}},"6":{"start":{"line":87,"column":18},"end":{"line":87,"column":null}},"7":{"start":{"line":88,"column":12},"end":{"line":88,"column":null}},"8":{"start":{"line":90,"column":8},"end":{"line":90,"column":null}},"9":{"start":{"line":94,"column":25},"end":{"line":94,"column":null}},"10":{"start":{"line":96,"column":43},"end":{"line":109,"column":null}},"11":{"start":{"line":103,"column":12},"end":{"line":105,"column":null}},"12":{"start":{"line":104,"column":16},"end":{"line":104,"column":null}},"13":{"start":{"line":106,"column":18},"end":{"line":106,"column":null}},"14":{"start":{"line":107,"column":12},"end":{"line":107,"column":null}},"15":{"start":{"line":112,"column":4},"end":{"line":119,"column":null}},"16":{"start":{"line":113,"column":8},"end":{"line":118,"column":null}},"17":{"start":{"line":114,"column":12},"end":{"line":114,"column":null}},"18":{"start":{"line":115,"column":8},"end":{"line":118,"column":null}},"19":{"start":{"line":117,"column":13},"end":{"line":117,"column":null}},"20":{"start":{"line":121,"column":10},"end":{"line":121,"column":null}},"21":{"start":{"line":122,"column":29},"end":{"line":122,"column":null}},"22":{"start":{"line":124,"column":4},"end":{"line":140,"column":null}},"23":{"start":{"line":134,"column":20},"end":{"line":134,"column":null}},"24":{"start":{"line":144,"column":0},"end":{"line":144,"column":null}}},"fnMap":{"0":{"name":"(anonymous_0)","decl":{"start":{"line":68,"column":31},"end":{"line":68,"column":32}},"loc":{"start":{"line":79,"column":62},"end":{"line":142,"column":null}},"line":79},"1":{"name":"(anonymous_1)","decl":{"start":{"line":85,"column":55},"end":{"line":85,"column":61}},"loc":{"start":{"line":85,"column":61},"end":{"line":91,"column":5}},"line":85},"2":{"name":"(anonymous_2)","decl":{"start":{"line":101,"column":23},"end":{"line":101,"column":24}},"loc":{"start":{"line":101,"column":32},"end":{"line":108,"column":null}},"line":101},"3":{"name":"(anonymous_3)","decl":{"start":{"line":112,"column":14},"end":{"line":112,"column":20}},"loc":{"start":{"line":112,"column":20},"end":{"line":119,"column":7}},"line":112},"4":{"name":"(anonymous_4)","decl":{"start":{"line":133,"column":26},"end":{"line":133,"column":27}},"loc":{"start":{"line":133,"column":33},"end":{"line":135,"column":null}},"line":133}},"branchMap":{"0":{"loc":{"start":{"line":72,"column":4},"end":{"line":72,"column":null}},"type":"default-arg","locations":[{"start":{"line":72,"column":21},"end":{"line":72,"column":null}}],"line":72},"1":{"loc":{"start":{"line":86,"column":8},"end":{"line":89,"column":null}},"type":"if","locations":[{"start":{"line":86,"column":8},"end":{"line":89,"column":null}},{"start":{},"end":{}}],"line":86},"2":{"loc":{"start":{"line":94,"column":25},"end":{"line":94,"column":null}},"type":"cond-expr","locations":[{"start":{"line":94,"column":40},"end":{"line":94,"column":58}},{"start":{"line":94,"column":58},"end":{"line":94,"column":null}}],"line":94},"3":{"loc":{"start":{"line":103,"column":12},"end":{"line":105,"column":null}},"type":"if","locations":[{"start":{"line":103,"column":12},"end":{"line":105,"column":null}},{"start":{},"end":{}}],"line":103},"4":{"loc":{"start":{"line":107,"column":28},"end":{"line":107,"column":54}},"type":"cond-expr","locations":[{"start":{"line":107,"column":45},"end":{"line":107,"column":51}},{"start":{"line":107,"column":51},"end":{"line":107,"column":54}}],"line":107},"5":{"loc":{"start":{"line":113,"column":8},"end":{"line":118,"column":null}},"type":"if","locations":[{"start":{"line":113,"column":8},"end":{"line":118,"column":null}},{"start":{"line":115,"column":8},"end":{"line":118,"column":null}}],"line":113},"6":{"loc":{"start":{"line":115,"column":8},"end":{"line":118,"column":null}},"type":"if","locations":[{"start":{"line":115,"column":8},"end":{"line":118,"column":null}},{"start":{},"end":{}}],"line":115},"7":{"loc":{"start":{"line":122,"column":29},"end":{"line":122,"column":null}},"type":"cond-expr","locations":[{"start":{"line":122,"column":60},"end":{"line":122,"column":72}},{"start":{"line":122,"column":72},"end":{"line":122,"column":null}}],"line":122},"8":{"loc":{"start":{"line":122,"column":29},"end":{"line":122,"column":60}},"type":"binary-expr","locations":[{"start":{"line":122,"column":29},"end":{"line":122,"column":47}},{"start":{"line":122,"column":47},"end":{"line":122,"column":60}}],"line":122},"9":{"loc":{"start":{"line":129,"column":48},"end":{"line":129,"column":69}},"type":"binary-expr","locations":[{"start":{"line":129,"column":48},"end":{"line":129,"column":67}},{"start":{"line":129,"column":67},"end":{"line":129,"column":69}}],"line":129},"10":{"loc":{"start":{"line":137,"column":13},"end":{"line":138,"column":null}},"type":"binary-expr","locations":[{"start":{"line":137,"column":13},"end":{"line":137,"column":31}},{"start":{"line":137,"column":31},"end":{"line":137,"column":null}},{"start":{"line":138,"column":16},"end":{"line":138,"column":null}}],"line":137}},"s":{"0":3,"1":3,"2":3,"3":109,"4":109,"5":23,"6":3,"7":3,"8":20,"9":109,"10":109,"11":82,"12":77,"13":82,"14":82,"15":109,"16":23,"17":1,"18":22,"19":1,"20":109,"21":109,"22":109,"23":80,"24":3},"f":{"0":109,"1":23,"2":82,"3":23,"4":80},"b":{"0":[109],"1":[3,20],"2":[12,97],"3":[77,5],"4":[2,7],"5":[1,22],"6":[1,21],"7":[18,91],"8":[109,21],"9":[109,109],"10":[109,21,18]},"meta":{"lastBranch":11,"lastFunction":5,"lastStatement":25,"seen":{"s:7:10:7:Infinity":0,"s:8:19:19:Infinity":1,"s:68:31:142:Infinity":2,"f:68:31:68:32":0,"b:72:21:72:Infinity":0,"s:82:25:82:Infinity":3,"s:85:42:91:Infinity":4,"f:85:55:85:61":1,"b:86:8:89:Infinity:undefined:undefined:undefined:undefined":1,"s:86:8:89:Infinity":5,"s:87:18:87:Infinity":6,"s:88:12:88:Infinity":7,"s:90:8:90:Infinity":8,"s:94:25:94:Infinity":9,"b:94:40:94:58:94:58:94:Infinity":2,"s:96:43:109:Infinity":10,"f:101:23:101:24":2,"b:103:12:105:Infinity:undefined:undefined:undefined:undefined":3,"s:103:12:105:Infinity":11,"s:104:16:104:Infinity":12,"s:106:18:106:Infinity":13,"s:107:12:107:Infinity":14,"b:107:45:107:51:107:51:107:54":4,"s:112:4:119:Infinity":15,"f:112:14:112:20":3,"b:113:8:118:Infinity:115:8:118:Infinity":5,"s:113:8:118:Infinity":16,"s:114:12:114:Infinity":17,"b:115:8:118:Infinity:undefined:undefined:undefined:undefined":6,"s:115:8:118:Infinity":18,"s:117:13:117:Infinity":19,"s:121:10:121:Infinity":20,"s:122:29:122:Infinity":21,"b:122:60:122:72:122:72:122:Infinity":7,"b:122:29:122:47:122:47:122:60":8,"s:124:4:140:Infinity":22,"b:129:48:129:67:129:67:129:69":9,"f:133:26:133:27":4,"s:134:20:134:Infinity":23,"b:137:13:137:31:137:31:137:Infinity:138:16:138:Infinity":10,"s:144:0:144:Infinity":24}}}
,"/Users/omsoo/Projects/input-number-mask/src/component/InputNumberMaskContentEditable.tsx": {"path":"/Users/omsoo/Projects/input-number-mask/src/component/InputNumberMaskContentEditable.tsx","statementMap":{"0":{"start":{"line":7,"column":10},"end":{"line":7,"column":null}},"1":{"start":{"line":8,"column":19},"end":{"line":22,"column":null}},"2":{"start":{"line":83,"column":46},"end":{"line":250,"column":null}},"3":{"start":{"line":99,"column":25},"end":{"line":99,"column":null}},"4":{"start":{"line":102,"column":42},"end":{"line":108,"column":null}},"5":{"start":{"line":103,"column":8},"end":{"line":106,"column":null}},"6":{"start":{"line":104,"column":18},"end":{"line":104,"column":null}},"7":{"start":{"line":105,"column":12},"end":{"line":105,"column":null}},"8":{"start":{"line":107,"column":8},"end":{"line":107,"column":null}},"9":{"start":{"line":111,"column":25},"end":{"line":111,"column":null}},"10":{"start":{"line":114,"column":4},"end":{"line":121,"column":null}},"11":{"start":{"line":115,"column":8},"end":{"line":120,"column":null}},"12":{"start":{"line":116,"column":12},"end":{"line":119,"column":null}},"13":{"start":{"line":117,"column":22},"end":{"line":117,"column":null}},"14":{"start":{"line":118,"column":16},"end":{"line":118,"column":null}},"15":{"start":{"line":123,"column":67},"end":{"line":136,"column":null}},"16":{"start":{"line":130,"column":12},"end":{"line":132,"column":null}},"17":{"start":{"line":131,"column":16},"end":{"line":131,"column":null}},"18":{"start":{"line":133,"column":18},"end":{"line":133,"column":null}},"19":{"start":{"line":134,"column":12},"end":{"line":134,"column":null}},"20":{"start":{"line":139,"column":4},"end":{"line":146,"column":null}},"21":{"start":{"line":140,"column":8},"end":{"line":145,"column":null}},"22":{"start":{"line":141,"column":12},"end":{"line":141,"column":null}},"23":{"start":{"line":142,"column":8},"end":{"line":145,"column":null}},"24":{"start":{"line":144,"column":13},"end":{"line":144,"column":null}},"25":{"start":{"line":149,"column":19},"end":{"line":149,"column":null}},"26":{"start":{"line":149,"column":38},"end":{"line":149,"column":77}},"27":{"start":{"line":150,"column":26},"end":{"line":150,"column":null}},"28":{"start":{"line":153,"column":4},"end":{"line":172,"column":null}},"29":{"start":{"line":154,"column":8},"end":{"line":154,"column":null}},"30":{"start":{"line":154,"column":59},"end":{"line":154,"column":null}},"31":{"start":{"line":156,"column":24},"end":{"line":156,"column":null}},"32":{"start":{"line":157,"column":22},"end":{"line":157,"column":null}},"33":{"start":{"line":158,"column":8},"end":{"line":162,"column":null}},"34":{"start":{"line":159,"column":12},"end":{"line":159,"column":null}},"35":{"start":{"line":160,"column":12},"end":{"line":160,"column":null}},"36":{"start":{"line":161,"column":12},"end":{"line":161,"column":null}},"37":{"start":{"line":163,"column":8},"end":{"line":165,"column":null}},"38":{"start":{"line":169,"column":8},"end":{"line":171,"column":null}},"39":{"start":{"line":170,"column":12},"end":{"line":170,"column":null}},"40":{"start":{"line":175,"column":4},"end":{"line":230,"column":null}},"41":{"start":{"line":176,"column":8},"end":{"line":176,"column":null}},"42":{"start":{"line":176,"column":59},"end":{"line":176,"column":null}},"43":{"start":{"line":178,"column":19},"end":{"line":178,"column":null}},"44":{"start":{"line":179,"column":8},"end":{"line":185,"column":null}},"45":{"start":{"line":181,"column":12},"end":{"line":183,"column":null}},"46":{"start":{"line":182,"column":16},"end":{"line":182,"column":null}},"47":{"start":{"line":184,"column":12},"end":{"line":184,"column":null}},"48":{"start":{"line":187,"column":32},"end":{"line":187,"column":null}},"49":{"start":{"line":190,"column":26},"end":{"line":190,"column":null}},"50":{"start":{"line":192,"column":37},"end":{"line":217,"column":null}},"51":{"start":{"line":193,"column":12},"end":{"line":216,"column":null}},"52":{"start":{"line":194,"column":29},"end":{"line":194,"column":null}},"53":{"start":{"line":196,"column":16},"end":{"line":211,"column":null}},"54":{"start":{"line":196,"column":29},"end":{"line":196,"column":32}},"55":{"start":{"line":197,"column":20},"end":{"line":197,"column":null}},"56":{"start":{"line":197,"column":56},"end":{"line":197,"column":null}},"57":{"start":{"line":199,"column":33},"end":{"line":199,"column":null}},"58":{"start":{"line":200,"column":34},"end":{"line":200,"column":null}},"59":{"start":{"line":201,"column":40},"end":{"line":201,"column":null}},"60":{"start":{"line":202,"column":34},"end":{"line":202,"column":null}},"61":{"start":{"line":204,"column":20},"end":{"line":209,"column":null}},"62":{"start":{"line":205,"column":38},"end":{"line":205,"column":null}},"63":{"start":{"line":206,"column":24},"end":{"line":206,"column":null}},"64":{"start":{"line":207,"column":24},"end":{"line":207,"column":null}},"65":{"start":{"line":208,"column":24},"end":{"line":208,"column":null}},"66":{"start":{"line":210,"column":20},"end":{"line":210,"column":null}},"67":{"start":{"line":213,"column":16},"end":{"line":215,"column":null}},"68":{"start":{"line":213,"column":29},"end":{"line":213,"column":32}},"69":{"start":{"line":214,"column":20},"end":{"line":214,"column":null}},"70":{"start":{"line":219,"column":8},"end":{"line":219,"column":null}},"71":{"start":{"line":221,"column":26},"end":{"line":221,"column":null}},"72":{"start":{"line":222,"column":8},"end":{"line":222,"column":null}},"73":{"start":{"line":224,"column":8},"end":{"line":228,"column":null}},"74":{"start":{"line":225,"column":12},"end":{"line":227,"column":null}},"75":{"start":{"line":226,"column":16},"end":{"line":226,"column":null}},"76":{"start":{"line":232,"column":23},"end":{"line":232,"column":null}},"77":{"start":{"line":234,"column":4},"end":{"line":248,"column":null}},"78":{"start":{"line":252,"column":0},"end":{"line":252,"column":null}}},"fnMap":{"0":{"name":"(anonymous_0)","decl":{"start":{"line":83,"column":46},"end":{"line":83,"column":47}},"loc":{"start":{"line":96,"column":75},"end":{"line":250,"column":null}},"line":96},"1":{"name":"(anonymous_1)","decl":{"start":{"line":102,"column":55},"end":{"line":102,"column":61}},"loc":{"start":{"line":102,"column":61},"end":{"line":108,"column":5}},"line":102},"2":{"name":"(anonymous_2)","decl":{"start":{"line":114,"column":14},"end":{"line":114,"column":20}},"loc":{"start":{"line":114,"column":20},"end":{"line":121,"column":7}},"line":114},"3":{"name":"(anonymous_3)","decl":{"start":{"line":116,"column":29},"end":{"line":116,"column":37}},"loc":{"start":{"line":116,"column":37},"end":{"line":119,"column":13}},"line":116},"4":{"name":"(anonymous_4)","decl":{"start":{"line":128,"column":23},"end":{"line":128,"column":24}},"loc":{"start":{"line":128,"column":32},"end":{"line":135,"column":null}},"line":128},"5":{"name":"(anonymous_5)","decl":{"start":{"line":139,"column":14},"end":{"line":139,"column":20}},"loc":{"start":{"line":139,"column":20},"end":{"line":146,"column":7}},"line":139},"6":{"name":"(anonymous_6)","decl":{"start":{"line":149,"column":32},"end":{"line":149,"column":38}},"loc":{"start":{"line":149,"column":38},"end":{"line":149,"column":77}},"line":149},"7":{"name":"(anonymous_7)","decl":{"start":{"line":153,"column":20},"end":{"line":153,"column":26}},"loc":{"start":{"line":153,"column":26},"end":{"line":172,"column":7}},"line":153},"8":{"name":"(anonymous_8)","decl":{"start":{"line":169,"column":15},"end":{"line":169,"column":21}},"loc":{"start":{"line":169,"column":21},"end":{"line":171,"column":null}},"line":169},"9":{"name":"(anonymous_9)","decl":{"start":{"line":175,"column":20},"end":{"line":175,"column":26}},"loc":{"start":{"line":175,"column":26},"end":{"line":230,"column":7}},"line":175},"10":{"name":"(anonymous_10)","decl":{"start":{"line":192,"column":37},"end":{"line":192,"column":38}},"loc":{"start":{"line":192,"column":53},"end":{"line":217,"column":null}},"line":192},"11":{"name":"(anonymous_11)","decl":{"start":{"line":224,"column":15},"end":{"line":224,"column":21}},"loc":{"start":{"line":224,"column":21},"end":{"line":228,"column":null}},"line":224}},"branchMap":{"0":{"loc":{"start":{"line":87,"column":4},"end":{"line":87,"column":null}},"type":"default-arg","locations":[{"start":{"line":87,"column":21},"end":{"line":87,"column":null}}],"line":87},"1":{"loc":{"start":{"line":103,"column":8},"end":{"line":106,"column":null}},"type":"if","locations":[{"start":{"line":103,"column":8},"end":{"line":106,"column":null}},{"start":{},"end":{}}],"line":103},"2":{"loc":{"start":{"line":111,"column":25},"end":{"line":111,"column":null}},"type":"cond-expr","locations":[{"start":{"line":111,"column":40},"end":{"line":111,"column":58}},{"start":{"line":111,"column":58},"end":{"line":111,"column":null}}],"line":111},"3":{"loc":{"start":{"line":115,"column":8},"end":{"line":120,"column":null}},"type":"if","locations":[{"start":{"line":115,"column":8},"end":{"line":120,"column":null}},{"start":{},"end":{}}],"line":115},"4":{"loc":{"start":{"line":130,"column":12},"end":{"line":132,"column":null}},"type":"if","locations":[{"start":{"line":130,"column":12},"end":{"line":132,"column":null}},{"start":{},"end":{}}],"line":130},"5":{"loc":{"start":{"line":134,"column":28},"end":{"line":134,"column":54}},"type":"cond-expr","locations":[{"start":{"line":134,"column":45},"end":{"line":134,"column":51}},{"start":{"line":134,"column":51},"end":{"line":134,"column":54}}],"line":134},"6":{"loc":{"start":{"line":140,"column":8},"end":{"line":145,"column":null}},"type":"if","locations":[{"start":{"line":140,"column":8},"end":{"line":145,"column":null}},{"start":{"line":142,"column":8},"end":{"line":145,"column":null}}],"line":140},"7":{"loc":{"start":{"line":142,"column":8},"end":{"line":145,"column":null}},"type":"if","locations":[{"start":{"line":142,"column":8},"end":{"line":145,"column":null}},{"start":{},"end":{}}],"line":142},"8":{"loc":{"start":{"line":154,"column":8},"end":{"line":154,"column":null}},"type":"if","locations":[{"start":{"line":154,"column":8},"end":{"line":154,"column":null}},{"start":{},"end":{}}],"line":154},"9":{"loc":{"start":{"line":154,"column":12},"end":{"line":154,"column":59}},"type":"binary-expr","locations":[{"start":{"line":154,"column":12},"end":{"line":154,"column":42}},{"start":{"line":154,"column":42},"end":{"line":154,"column":59}}],"line":154},"10":{"loc":{"start":{"line":158,"column":8},"end":{"line":162,"column":null}},"type":"if","locations":[{"start":{"line":158,"column":8},"end":{"line":162,"column":null}},{"start":{},"end":{}}],"line":158},"11":{"loc":{"start":{"line":165,"column":29},"end":{"line":165,"column":55}},"type":"binary-expr","locations":[{"start":{"line":165,"column":29},"end":{"line":165,"column":49}},{"start":{"line":165,"column":49},"end":{"line":165,"column":55}}],"line":165},"12":{"loc":{"start":{"line":176,"column":8},"end":{"line":176,"column":null}},"type":"if","locations":[{"start":{"line":176,"column":8},"end":{"line":176,"column":null}},{"start":{},"end":{}}],"line":176},"13":{"loc":{"start":{"line":176,"column":12},"end":{"line":176,"column":59}},"type":"binary-expr","locations":[{"start":{"line":176,"column":12},"end":{"line":176,"column":42}},{"start":{"line":176,"column":42},"end":{"line":176,"column":59}}],"line":176},"14":{"loc":{"start":{"line":179,"column":8},"end":{"line":185,"column":null}},"type":"if","locations":[{"start":{"line":179,"column":8},"end":{"line":185,"column":null}},{"start":{},"end":{}}],"line":179},"15":{"loc":{"start":{"line":179,"column":12},"end":{"line":179,"column":35}},"type":"binary-expr","locations":[{"start":{"line":179,"column":12},"end":{"line":179,"column":19}},{"start":{"line":179,"column":19},"end":{"line":179,"column":35}}],"line":179},"16":{"loc":{"start":{"line":181,"column":12},"end":{"line":183,"column":null}},"type":"if","locations":[{"start":{"line":181,"column":12},"end":{"line":183,"column":null}},{"start":{},"end":{}}],"line":181},"17":{"loc":{"start":{"line":193,"column":12},"end":{"line":216,"column":null}},"type":"if","locations":[{"start":{"line":193,"column":12},"end":{"line":216,"column":null}},{"start":{"line":212,"column":19},"end":{"line":216,"column":null}}],"line":193},"18":{"loc":{"start":{"line":194,"column":29},"end":{"line":194,"column":null}},"type":"binary-expr","locations":[{"start":{"line":194,"column":29},"end":{"line":194,"column":49}},{"start":{"line":194,"column":49},"end":{"line":194,"column":null}}],"line":194},"19":{"loc":{"start":{"line":197,"column":20},"end":{"line":197,"column":null}},"type":"if","locations":[{"start":{"line":197,"column":20},"end":{"line":197,"column":null}},{"start":{},"end":{}}],"line":197},"20":{"loc":{"start":{"line":202,"column":34},"end":{"line":202,"column":null}},"type":"cond-expr","locations":[{"start":{"line":202,"column":84},"end":{"line":202,"column":111}},{"start":{"line":202,"column":111},"end":{"line":202,"column":null}}],"line":202},"21":{"loc":{"start":{"line":202,"column":34},"end":{"line":202,"column":84}},"type":"binary-expr","locations":[{"start":{"line":202,"column":34},"end":{"line":202,"column":49}},{"start":{"line":202,"column":49},"end":{"line":202,"column":84}}],"line":202},"22":{"loc":{"start":{"line":204,"column":20},"end":{"line":209,"column":null}},"type":"if","locations":[{"start":{"line":204,"column":20},"end":{"line":209,"column":null}},{"start":{},"end":{}}],"line":204},"23":{"loc":{"start":{"line":204,"column":24},"end":{"line":204,"column":55}},"type":"binary-expr","locations":[{"start":{"line":204,"column":24},"end":{"line":204,"column":39}},{"start":{"line":204,"column":39},"end":{"line":204,"column":55}}],"line":204},"24":{"loc":{"start":{"line":225,"column":12},"end":{"line":227,"column":null}},"type":"if","locations":[{"start":{"line":225,"column":12},"end":{"line":227,"column":null}},{"start":{},"end":{}}],"line":225},"25":{"loc":{"start":{"line":225,"column":16},"end":{"line":225,"column":69}},"type":"binary-expr","locations":[{"start":{"line":225,"column":16},"end":{"line":225,"column":34}},{"start":{"line":225,"column":34},"end":{"line":225,"column":69}}],"line":225},"26":{"loc":{"start":{"line":232,"column":23},"end":{"line":232,"column":null}},"type":"cond-expr","locations":[{"start":{"line":232,"column":40},"end":{"line":232,"column":55}},{"start":{"line":232,"column":55},"end":{"line":232,"column":null}}],"line":232},"27":{"loc":{"start":{"line":242,"column":65},"end":{"line":242,"column":86}},"type":"binary-expr","locations":[{"start":{"line":242,"column":65},"end":{"line":242,"column":84}},{"start":{"line":242,"column":84},"end":{"line":242,"column":86}}],"line":242}},"s":{"0":2,"1":2,"2":2,"3":105,"4":105,"5":26,"6":6,"7":6,"8":20,"9":105,"10":105,"11":27,"12":23,"13":23,"14":23,"15":105,"16":49,"17":48,"18":49,"19":49,"20":105,"21":26,"22":1,"23":25,"24":1,"25":105,"26":26,"27":105,"28":105,"29":26,"30":19,"31":7,"32":7,"33":7,"34":7,"35":7,"36":7,"37":7,"38":26,"39":7,"40":105,"41":77,"42":68,"43":9,"44":9,"45":5,"46":1,"47":5,"48":4,"49":4,"50":4,"51":8,"52":4,"53":4,"54":4,"55":12,"56":0,"57":12,"58":12,"59":12,"60":12,"61":12,"62":3,"63":3,"64":3,"65":3,"66":12,"67":4,"68":4,"69":4,"70":4,"71":4,"72":4,"73":4,"74":4,"75":3,"76":105,"77":105,"78":2},"f":{"0":105,"1":26,"2":27,"3":23,"4":49,"5":26,"6":26,"7":26,"8":7,"9":77,"10":8,"11":4},"b":{"0":[105],"1":[6,20],"2":[10,95],"3":[23,4],"4":[48,1],"5":[2,3],"6":[1,25],"7":[1,24],"8":[19,7],"9":[26,26],"10":[7,0],"11":[7,6],"12":[68,9],"13":[77,77],"14":[5,4],"15":[9,9],"16":[1,4],"17":[4,4],"18":[4,0],"19":[0,12],"20":[5,7],"21":[12,5],"22":[3,9],"23":[12,9],"24":[3,1],"25":[4,4],"26":[6,99],"27":[105,105]},"meta":{"lastBranch":28,"lastFunction":12,"lastStatement":79,"seen":{"s:7:10:7:Infinity":0,"s:8:19:22:Infinity":1,"s:83:46:250:Infinity":2,"f:83:46:83:47":0,"b:87:21:87:Infinity":0,"s:99:25:99:Infinity":3,"s:102:42:108:Infinity":4,"f:102:55:102:61":1,"b:103:8:106:Infinity:undefined:undefined:undefined:undefined":1,"s:103:8:106:Infinity":5,"s:104:18:104:Infinity":6,"s:105:12:105:Infinity":7,"s:107:8:107:Infinity":8,"s:111:25:111:Infinity":9,"b:111:40:111:58:111:58:111:Infinity":2,"s:114:4:121:Infinity":10,"f:114:14:114:20":2,"b:115:8:120:Infinity:undefined:undefined:undefined:undefined":3,"s:115:8:120:Infinity":11,"s:116:12:119:Infinity":12,"f:116:29:116:37":3,"s:117:22:117:Infinity":13,"s:118:16:118:Infinity":14,"s:123:67:136:Infinity":15,"f:128:23:128:24":4,"b:130:12:132:Infinity:undefined:undefined:undefined:undefined":4,"s:130:12:132:Infinity":16,"s:131:16:131:Infinity":17,"s:133:18:133:Infinity":18,"s:134:12:134:Infinity":19,"b:134:45:134:51:134:51:134:54":5,"s:139:4:146:Infinity":20,"f:139:14:139:20":5,"b:140:8:145:Infinity:142:8:145:Infinity":6,"s:140:8:145:Infinity":21,"s:141:12:141:Infinity":22,"b:142:8:145:Infinity:undefined:undefined:undefined:undefined":7,"s:142:8:145:Infinity":23,"s:144:13:144:Infinity":24,"s:149:19:149:Infinity":25,"f:149:32:149:38":6,"s:149:38:149:77":26,"s:150:26:150:Infinity":27,"s:153:4:172:Infinity":28,"f:153:20:153:26":7,"b:154:8:154:Infinity:undefined:undefined:undefined:undefined":8,"s:154:8:154:Infinity":29,"b:154:12:154:42:154:42:154:59":9,"s:154:59:154:Infinity":30,"s:156:24:156:Infinity":31,"s:157:22:157:Infinity":32,"b:158:8:162:Infinity:undefined:undefined:undefined:undefined":10,"s:158:8:162:Infinity":33,"s:159:12:159:Infinity":34,"s:160:12:160:Infinity":35,"s:161:12:161:Infinity":36,"s:163:8:165:Infinity":37,"b:165:29:165:49:165:49:165:55":11,"s:169:8:171:Infinity":38,"f:169:15:169:21":8,"s:170:12:170:Infinity":39,"s:175:4:230:Infinity":40,"f:175:20:175:26":9,"b:176:8:176:Infinity:undefined:undefined:undefined:undefined":12,"s:176:8:176:Infinity":41,"b:176:12:176:42:176:42:176:59":13,"s:176:59:176:Infinity":42,"s:178:19:178:Infinity":43,"b:179:8:185:Infinity:undefined:undefined:undefined:undefined":14,"s:179:8:185:Infinity":44,"b:179:12:179:19:179:19:179:35":15,"b:181:12:183:Infinity:undefined:undefined:undefined:undefined":16,"s:181:12:183:Infinity":45,"s:182:16:182:Infinity":46,"s:184:12:184:Infinity":47,"s:187:32:187:Infinity":48,"s:190:26:190:Infinity":49,"s:192:37:217:Infinity":50,"f:192:37:192:38":10,"b:193:12:216:Infinity:212:19:216:Infinity":17,"s:193:12:216:Infinity":51,"s:194:29:194:Infinity":52,"b:194:29:194:49:194:49:194:Infinity":18,"s:196:16:211:Infinity":53,"s:196:29:196:32":54,"b:197:20:197:Infinity:undefined:undefined:undefined:undefined":19,"s:197:20:197:Infinity":55,"s:197:56:197:Infinity":56,"s:199:33:199:Infinity":57,"s:200:34:200:Infinity":58,"s:201:40:201:Infinity":59,"s:202:34:202:Infinity":60,"b:202:84:202:111:202:111:202:Infinity":20,"b:202:34:202:49:202:49:202:84":21,"b:204:20:209:Infinity:undefined:undefined:undefined:undefined":22,"s:204:20:209:Infinity":61,"b:204:24:204:39:204:39:204:55":23,"s:205:38:205:Infinity":62,"s:206:24:206:Infinity":63,"s:207:24:207:Infinity":64,"s:208:24:208:Infinity":65,"s:210:20:210:Infinity":66,"s:213:16:215:Infinity":67,"s:213:29:213:32":68,"s:214:20:214:Infinity":69,"s:219:8:219:Infinity":70,"s:221:26:221:Infinity":71,"s:222:8:222:Infinity":72,"s:224:8:228:Infinity":73,"f:224:15:224:21":11,"b:225:12:227:Infinity:undefined:undefined:undefined:undefined":24,"s:225:12:227:Infinity":74,"b:225:16:225:34:225:34:225:69":25,"s:226:16:226:Infinity":75,"s:232:23:232:Infinity":76,"b:232:40:232:55:232:55:232:Infinity":26,"s:234:4:248:Infinity":77,"b:242:65:242:84:242:84:242:86":27,"s:252:0:252:Infinity":78}}}
,"/Users/omsoo/Projects/input-number-mask/src/component/index.ts": {"path":"/Users/omsoo/Projects/input-number-mask/src/component/index.ts","statementMap":{},"fnMap":{},"branchMap":{},"s":{},"f":{},"b":{},"meta":{"lastBranch":0,"lastFunction":0,"lastStatement":0,"seen":{}}}
,"/Users/omsoo/Projects/input-number-mask/src/hook/index.ts": {"path":"/Users/omsoo/Projects/input-number-mask/src/hook/index.ts","statementMap":{},"fnMap":{},"branchMap":{},"s":{},"f":{},"b":{},"meta":{"lastBranch":0,"lastFunction":0,"lastStatement":0,"seen":{}}}
,"/Users/omsoo/Projects/input-number-mask/src/hook/useContentEditableMask.ts": {"path":"/Users/omsoo/Projects/input-number-mask/src/hook/useContentEditableMask.ts","statementMap":{"0":{"start":{"line":27,"column":26},"end":{"line":33,"column":null}},"1":{"start":{"line":28,"column":8},"end":{"line":31,"column":null}},"2":{"start":{"line":29,"column":18},"end":{"line":29,"column":null}},"3":{"start":{"line":30,"column":12},"end":{"line":30,"column":null}},"4":{"start":{"line":32,"column":8},"end":{"line":32,"column":null}},"5":{"start":{"line":35,"column":10},"end":{"line":35,"column":null}},"6":{"start":{"line":36,"column":28},"end":{"line":36,"column":null}},"7":{"start":{"line":39,"column":32},"end":{"line":43,"column":null}},"8":{"start":{"line":45,"column":4},"end":{"line":47,"column":null}},"9":{"start":{"line":46,"column":8},"end":{"line":46,"column":null}},"10":{"start":{"line":50,"column":10},"end":{"line":66,"column":null}},"11":{"start":{"line":51,"column":26},"end":{"line":51,"column":null}},"12":{"start":{"line":52,"column":8},"end":{"line":52,"column":null}},"13":{"start":{"line":52,"column":54},"end":{"line":52,"column":null}},"14":{"start":{"line":54,"column":22},"end":{"line":54,"column":null}},"15":{"start":{"line":57,"column":34},"end":{"line":57,"column":null}},"16":{"start":{"line":58,"column":8},"end":{"line":58,"column":null}},"17":{"start":{"line":59,"column":8},"end":{"line":59,"column":null}},"18":{"start":{"line":60,"column":22},"end":{"line":60,"column":null}},"19":{"start":{"line":63,"column":20},"end":{"line":63,"column":null}},"20":{"start":{"line":65,"column":8},"end":{"line":65,"column":null}},"21":{"start":{"line":69,"column":10},"end":{"line":103,"column":null}},"22":{"start":{"line":70,"column":26},"end":{"line":70,"column":null}},"23":{"start":{"line":71,"column":22},"end":{"line":71,"column":null}},"24":{"start":{"line":72,"column":8},"end":{"line":74,"column":null}},"25":{"start":{"line":73,"column":12},"end":{"line":73,"column":null}},"26":{"start":{"line":76,"column":24},"end":{"line":76,"column":null}},"27":{"start":{"line":77,"column":20},"end":{"line":77,"column":null}},"28":{"start":{"line":79,"column":25},"end":{"line":95,"column":null}},"29":{"start":{"line":80,"column":12},"end":{"line":80,"column":null}},"30":{"start":{"line":80,"column":23},"end":{"line":80,"column":null}},"31":{"start":{"line":81,"column":12},"end":{"line":94,"column":null}},"32":{"start":{"line":82,"column":38},"end":{"line":82,"column":null}},"33":{"start":{"line":83,"column":16},"end":{"line":88,"column":null}},"34":{"start":{"line":84,"column":20},"end":{"line":84,"column":null}},"35":{"start":{"line":85,"column":20},"end":{"line":85,"column":null}},"36":{"start":{"line":86,"column":20},"end":{"line":86,"column":null}},"37":{"start":{"line":87,"column":20},"end":{"line":87,"column":null}},"38":{"start":{"line":89,"column":16},"end":{"line":89,"column":null}},"39":{"start":{"line":91,"column":16},"end":{"line":93,"column":null}},"40":{"start":{"line":91,"column":29},"end":{"line":91,"column":32}},"41":{"start":{"line":92,"column":20},"end":{"line":92,"column":null}},"42":{"start":{"line":97,"column":8},"end":{"line":97,"column":null}},"43":{"start":{"line":99,"column":8},"end":{"line":102,"column":null}},"44":{"start":{"line":100,"column":12},"end":{"line":100,"column":null}},"45":{"start":{"line":101,"column":12},"end":{"line":101,"column":null}},"46":{"start":{"line":106,"column":4},"end":{"line":110,"column":null}},"47":{"start":{"line":107,"column":8},"end":{"line":109,"column":null}},"48":{"start":{"line":108,"column":12},"end":{"line":108,"column":null}},"49":{"start":{"line":112,"column":4},"end":{"line":117,"column":null}},"50":{"start":{"line":113,"column":8},"end":{"line":116,"column":null}},"51":{"start":{"line":115,"column":12},"end":{"line":115,"column":null}},"52":{"start":{"line":121,"column":4},"end":{"line":219,"column":null}},"53":{"start":{"line":122,"column":19},"end":{"line":122,"column":null}},"54":{"start":{"line":123,"column":8},"end":{"line":123,"column":null}},"55":{"start":{"line":123,"column":17},"end":{"line":123,"column":null}},"56":{"start":{"line":125,"column":34},"end":{"line":197,"column":null}},"57":{"start":{"line":126,"column":12},"end":{"line":154,"column":null}},"58":{"start":{"line":127,"column":16},"end":{"line":127,"column":null}},"59":{"start":{"line":129,"column":29},"end":{"line":129,"column":null}},"60":{"start":{"line":130,"column":39},"end":{"line":130,"column":null}},"61":{"start":{"line":138,"column":22},"end":{"line":147,"column":null}},"62":{"start":{"line":149,"column":16},"end":{"line":153,"column":null}},"63":{"start":{"line":150,"column":20},"end":{"line":150,"column":null}},"64":{"start":{"line":151,"column":20},"end":{"line":151,"column":null}},"65":{"start":{"line":152,"column":20},"end":{"line":152,"column":null}},"66":{"start":{"line":156,"column":12},"end":{"line":196,"column":null}},"67":{"start":{"line":157,"column":16},"end":{"line":157,"column":null}},"68":{"start":{"line":158,"column":39},"end":{"line":158,"column":null}},"69":{"start":{"line":160,"column":16},"end":{"line":195,"column":null}},"70":{"start":{"line":161,"column":26},"end":{"line":170,"column":null}},"71":{"start":{"line":172,"column":20},"end":{"line":176,"column":null}},"72":{"start":{"line":173,"column":24},"end":{"line":173,"column":null}},"73":{"start":{"line":174,"column":24},"end":{"line":174,"column":null}},"74":{"start":{"line":175,"column":24},"end":{"line":175,"column":null}},"75":{"start":{"line":178,"column":16},"end":{"line":195,"column":null}},"76":{"start":{"line":179,"column":26},"end":{"line":188,"column":null}},"77":{"start":{"line":190,"column":20},"end":{"line":194,"column":null}},"78":{"start":{"line":191,"column":24},"end":{"line":191,"column":null}},"79":{"start":{"line":192,"column":24},"end":{"line":192,"column":null}},"80":{"start":{"line":193,"column":24},"end":{"line":193,"column":null}},"81":{"start":{"line":199,"column":28},"end":{"line":211,"column":null}},"82":{"start":{"line":201,"column":18},"end":{"line":201,"column":null}},"83":{"start":{"line":202,"column":12},"end":{"line":210,"column":null}},"84":{"start":{"line":204,"column":34},"end":{"line":204,"column":null}},"85":{"start":{"line":205,"column":16},"end":{"line":209,"column":null}},"86":{"start":{"line":206,"column":20},"end":{"line":206,"column":null}},"87":{"start":{"line":208,"column":20},"end":{"line":208,"column":null}},"88":{"start":{"line":213,"column":8},"end":{"line":213,"column":null}},"89":{"start":{"line":214,"column":8},"end":{"line":214,"column":null}},"90":{"start":{"line":215,"column":8},"end":{"line":218,"column":null}},"91":{"start":{"line":216,"column":12},"end":{"line":216,"column":null}},"92":{"start":{"line":217,"column":12},"end":{"line":217,"column":null}},"93":{"start":{"line":221,"column":10},"end":{"line":221,"column":null}},"94":{"start":{"line":223,"column":4},"end":{"line":228,"column":null}}},"fnMap":{"0":{"name":"useContentEditableMask","decl":{"start":{"line":19,"column":16},"end":{"line":19,"column":39}},"loc":{"start":{"line":25,"column":62},"end":{"line":229,"column":null}},"line":25},"1":{"name":"(anonymous_1)","decl":{"start":{"line":27,"column":39},"end":{"line":27,"column":45}},"loc":{"start":{"line":27,"column":45},"end":{"line":33,"column":5}},"line":27},"2":{"name":"(anonymous_2)","decl":{"start":{"line":50,"column":44},"end":{"line":50,"column":45}},"loc":{"start":{"line":50,"column":70},"end":{"line":66,"column":7}},"line":50},"3":{"name":"(anonymous_3)","decl":{"start":{"line":69,"column":41},"end":{"line":69,"column":42}},"loc":{"start":{"line":69,"column":80},"end":{"line":103,"column":7}},"line":69},"4":{"name":"(anonymous_4)","decl":{"start":{"line":79,"column":25},"end":{"line":79,"column":26}},"loc":{"start":{"line":79,"column":41},"end":{"line":95,"column":null}},"line":79},"5":{"name":"(anonymous_5)","decl":{"start":{"line":106,"column":20},"end":{"line":106,"column":26}},"loc":{"start":{"line":106,"column":26},"end":{"line":110,"column":7}},"line":106},"6":{"name":"(anonymous_6)","decl":{"start":{"line":112,"column":20},"end":{"line":112,"column":26}},"loc":{"start":{"line":112,"column":26},"end":{"line":117,"column":7}},"line":112},"7":{"name":"(anonymous_7)","decl":{"start":{"line":121,"column":20},"end":{"line":121,"column":26}},"loc":{"start":{"line":121,"column":26},"end":{"line":219,"column":7}},"line":121},"8":{"name":"(anonymous_8)","decl":{"start":{"line":125,"column":34},"end":{"line":125,"column":35}},"loc":{"start":{"line":125,"column":53},"end":{"line":197,"column":null}},"line":125},"9":{"name":"(anonymous_9)","decl":{"start":{"line":199,"column":28},"end":{"line":199,"column":34}},"loc":{"start":{"line":199,"column":34},"end":{"line":211,"column":null}},"line":199},"10":{"name":"(anonymous_10)","decl":{"start":{"line":215,"column":15},"end":{"line":215,"column":21}},"loc":{"start":{"line":215,"column":21},"end":{"line":218,"column":null}},"line":215}},"branchMap":{"0":{"loc":{"start":{"line":22,"column":4},"end":{"line":22,"column":null}},"type":"default-arg","locations":[{"start":{"line":22,"column":19},"end":{"line":22,"column":null}}],"line":22},"1":{"loc":{"start":{"line":28,"column":8},"end":{"line":31,"column":null}},"type":"if","locations":[{"start":{"line":28,"column":8},"end":{"line":31,"column":null}},{"start":{},"end":{}}],"line":28},"2":{"loc":{"start":{"line":39,"column":32},"end":{"line":43,"column":null}},"type":"cond-expr","locations":[{"start":{"line":40,"column":11},"end":{"line":42,"column":null}},{"start":{"line":43,"column":10},"end":{"line":43,"column":null}}],"line":39},"3":{"loc":{"start":{"line":40,"column":11},"end":{"line":42,"column":null}},"type":"cond-expr","locations":[{"start":{"line":41,"column":14},"end":{"line":41,"column":null}},{"start":{"line":41,"column":14},"end":{"line":42,"column":null}}],"line":40},"4":{"loc":{"start":{"line":40,"column":11},"end":{"line":40,"column":null}},"type":"binary-expr","locations":[{"start":{"line":40,"column":11},"end":{"line":40,"column":27}},{"start":{"line":40,"column":11},"end":{"line":40,"column":null}}],"line":40},"5":{"loc":{"start":{"line":45,"column":4},"end":{"line":47,"column":null}},"type":"if","locations":[{"start":{"line":45,"column":4},"end":{"line":47,"column":null}},{"start":{},"end":{}}],"line":45},"6":{"loc":{"start":{"line":45,"column":8},"end":{"line":45,"column":71}},"type":"binary-expr","locations":[{"start":{"line":45,"column":8},"end":{"line":45,"column":40}},{"start":{"line":45,"column":40},"end":{"line":45,"column":71}}],"line":45},"7":{"loc":{"start":{"line":52,"column":8},"end":{"line":52,"column":null}},"type":"if","locations":[{"start":{"line":52,"column":8},"end":{"line":52,"column":null}},{"start":{},"end":{}}],"line":52},"8":{"loc":{"start":{"line":52,"column":12},"end":{"line":52,"column":54}},"type":"binary-expr","locations":[{"start":{"line":52,"column":12},"end":{"line":52,"column":26}},{"start":{"line":52,"column":26},"end":{"line":52,"column":54}}],"line":52},"9":{"loc":{"start":{"line":72,"column":8},"end":{"line":74,"column":null}},"type":"if","locations":[{"start":{"line":72,"column":8},"end":{"line":74,"column":null}},{"start":{},"end":{}}],"line":72},"10":{"loc":{"start":{"line":80,"column":12},"end":{"line":80,"column":null}},"type":"if","locations":[{"start":{"line":80,"column":12},"end":{"line":80,"column":null}},{"start":{},"end":{}}],"line":80},"11":{"loc":{"start":{"line":81,"column":12},"end":{"line":94,"column":null}},"type":"if","locations":[{"start":{"line":81,"column":12},"end":{"line":94,"column":null}},{"start":{"line":90,"column":19},"end":{"line":94,"column":null}}],"line":81},"12":{"loc":{"start":{"line":82,"column":51},"end":{"line":82,"column":null}},"type":"binary-expr","locations":[{"start":{"line":82,"column":51},"end":{"line":82,"column":79}},{"start":{"line":82,"column":79},"end":{"line":82,"column":null}}],"line":82},"13":{"loc":{"start":{"line":83,"column":16},"end":{"line":88,"column":null}},"type":"if","locations":[{"start":{"line":83,"column":16},"end":{"line":88,"column":null}},{"start":{},"end":{}}],"line":83},"14":{"loc":{"start":{"line":99,"column":8},"end":{"line":102,"column":null}},"type":"if","locations":[{"start":{"line":99,"column":8},"end":{"line":102,"column":null}},{"start":{},"end":{}}],"line":99},"15":{"loc":{"start":{"line":107,"column":8},"end":{"line":109,"column":null}},"type":"if","locations":[{"start":{"line":107,"column":8},"end":{"line":109,"column":null}},{"start":{},"end":{}}],"line":107},"16":{"loc":{"start":{"line":107,"column":12},"end":{"line":107,"column":62}},"type":"binary-expr","locations":[{"start":{"line":107,"column":12},"end":{"line":107,"column":27}},{"start":{"line":107,"column":27},"end":{"line":107,"column":62}}],"line":107},"17":{"loc":{"start":{"line":113,"column":8},"end":{"line":116,"column":null}},"type":"if","locations":[{"start":{"line":113,"column":8},"end":{"line":116,"column":null}},{"start":{},"end":{}}],"line":113},"18":{"loc":{"start":{"line":113,"column":12},"end":{"line":113,"column":44}},"type":"binary-expr","locations":[{"start":{"line":113,"column":12},"end":{"line":113,"column":27}},{"start":{"line":113,"column":27},"end":{"line":113,"column":44}}],"line":113},"19":{"loc":{"start":{"line":123,"column":8},"end":{"line":123,"column":null}},"type":"if","locations":[{"start":{"line":123,"column":8},"end":{"line":123,"column":null}},{"start":{},"end":{}}],"line":123},"20":{"loc":{"start":{"line":126,"column":12},"end":{"line":154,"column":null}},"type":"if","locations":[{"start":{"line":126,"column":12},"end":{"line":154,"column":null}},{"start":{},"end":{}}],"line":126},"21":{"loc":{"start":{"line":126,"column":16},"end":{"line":126,"column":83}},"type":"binary-expr","locations":[{"start":{"line":126,"column":16},"end":{"line":126,"column":48}},{"start":{"line":126,"column":48},"end":{"line":126,"column":83}}],"line":126},"22":{"loc":{"start":{"line":129,"column":29},"end":{"line":129,"column":null}},"type":"binary-expr","locations":[{"start":{"line":129,"column":29},"end":{"line":129,"column":39}},{"start":{"line":129,"column":39},"end":{"line":129,"column":null}}],"line":129},"23":{"loc":{"start":{"line":149,"column":16},"end":{"line":153,"column":null}},"type":"if","locations":[{"start":{"line":149,"column":16},"end":{"line":153,"column":null}},{"start":{},"end":{}}],"line":149},"24":{"loc":{"start":{"line":156,"column":12},"end":{"line":196,"column":null}},"type":"if","locations":[{"start":{"line":156,"column":12},"end":{"line":196,"column":null}},{"start":{},"end":{}}],"line":156},"25":{"loc":{"start":{"line":160,"column":16},"end":{"line":195,"column":null}},"type":"if","locations":[{"start":{"line":160,"column":16},"end":{"line":195,"column":null}},{"start":{"line":178,"column":16},"end":{"line":195,"column":null}}],"line":160},"26":{"loc":{"start":{"line":172,"column":20},"end":{"line":176,"column":null}},"type":"if","locations":[{"start":{"line":172,"column":20},"end":{"line":176,"column":null}},{"start":{},"end":{}}],"line":172},"27":{"loc":{"start":{"line":178,"column":16},"end":{"line":195,"column":null}},"type":"if","locations":[{"start":{"line":178,"column":16},"end":{"line":195,"column":null}},{"start":{},"end":{}}],"line":178},"28":{"loc":{"start":{"line":190,"column":20},"end":{"line":194,"column":null}},"type":"if","locations":[{"start":{"line":190,"column":20},"end":{"line":194,"column":null}},{"start":{},"end":{}}],"line":190},"29":{"loc":{"start":{"line":202,"column":12},"end":{"line":210,"column":null}},"type":"if","locations":[{"start":{"line":202,"column":12},"end":{"line":210,"column":null}},{"start":{},"end":{}}],"line":202},"30":{"loc":{"start":{"line":205,"column":16},"end":{"line":209,"column":null}},"type":"if","locations":[{"start":{"line":205,"column":16},"end":{"line":209,"column":null}},{"start":{},"end":{}}],"line":205}},"s":{"0":147,"1":41,"2":39,"3":39,"4":2,"5":147,"6":147,"7":147,"8":147,"9":8,"10":147,"11":68,"12":68,"13":0,"14":68,"15":68,"16":68,"17":68,"18":68,"19":68,"20":68,"21":147,"22":91,"23":91,"24":91,"25":14,"26":77,"27":77,"28":77,"29":154,"30":0,"31":154,"32":77,"33":77,"34":76,"35":76,"36":76,"37":76,"38":1,"39":77,"40":77,"41":77,"42":77,"43":77,"44":76,"45":76,"46":147,"47":111,"48":90,"49":147,"50":124,"51":78,"52":147,"53":122,"54":122,"55":10,"56":112,"57":68,"58":59,"59":59,"60":59,"61":59,"62":59,"63":59,"64":59,"65":59,"66":68,"67":9,"68":9,"69":9,"70":7,"71":7,"72":7,"73":7,"74":7,"75":2,"76":2,"77":2,"78":2,"79":2,"80":2,"81":112,"82":18,"83":18,"84":13,"85":13,"86":13,"87":13,"88":112,"89":112,"90":112,"91":112,"92":112,"93":147,"94":147},"f":{"0":147,"1":41,"2":68,"3":91,"4":154,"5":111,"6":124,"7":122,"8":68,"9":18,"10":112},"b":{"0":[147],"1":[39,2],"2":[145,2],"3":[29,116],"4":[145,38],"5":[8,139],"6":[147,145],"7":[0,68],"8":[68,68],"9":[14,77],"10":[0,154],"11":[77,77],"12":[77,0],"13":[76,1],"14":[76,1],"15":[90,21],"16":[111,101],"17":[78,46],"18":[124,114],"19":[10,112],"20":[59,9],"21":[68,11],"22":[59,0],"23":[59,0],"24":[9,59],"25":[7,2],"26":[7,0],"27":[2,0],"28":[2,0],"29":[13,5],"30":[13,0]},"meta":{"lastBranch":31,"lastFunction":11,"lastStatement":95,"seen":{"f:19:16:19:39":0,"b:22:19:22:Infinity":0,"s:27:26:33:Infinity":0,"f:27:39:27:45":1,"b:28:8:31:Infinity:undefined:undefined:undefined:undefined":1,"s:28:8:31:Infinity":1,"s:29:18:29:Infinity":2,"s:30:12:30:Infinity":3,"s:32:8:32:Infinity":4,"s:35:10:35:Infinity":5,"s:36:28:36:Infinity":6,"s:39:32:43:Infinity":7,"b:40:11:42:Infinity:43:10:43:Infinity":2,"b:41:14:41:Infinity:41:14:42:Infinity":3,"b:40:11:40:27:40:11:40:Infinity":4,"b:45:4:47:Infinity:undefined:undefined:undefined:undefined":5,"s:45:4:47:Infinity":8,"b:45:8:45:40:45:40:45:71":6,"s:46:8:46:Infinity":9,"s:50:10:66:Infinity":10,"f:50:44:50:45":2,"s:51:26:51:Infinity":11,"b:52:8:52:Infinity:undefined:undefined:undefined:undefined":7,"s:52:8:52:Infinity":12,"b:52:12:52:26:52:26:52:54":8,"s:52:54:52:Infinity":13,"s:54:22:54:Infinity":14,"s:57:34:57:Infinity":15,"s:58:8:58:Infinity":16,"s:59:8:59:Infinity":17,"s:60:22:60:Infinity":18,"s:63:20:63:Infinity":19,"s:65:8:65:Infinity":20,"s:69:10:103:Infinity":21,"f:69:41:69:42":3,"s:70:26:70:Infinity":22,"s:71:22:71:Infinity":23,"b:72:8:74:Infinity:undefined:undefined:undefined:undefined":9,"s:72:8:74:Infinity":24,"s:73:12:73:Infinity":25,"s:76:24:76:Infinity":26,"s:77:20:77:Infinity":27,"s:79:25:95:Infinity":28,"f:79:25:79:26":4,"b:80:12:80:Infinity:undefined:undefined:undefined:undefined":10,"s:80:12:80:Infinity":29,"s:80:23:80:Infinity":30,"b:81:12:94:Infinity:90:19:94:Infinity":11,"s:81:12:94:Infinity":31,"s:82:38:82:Infinity":32,"b:82:51:82:79:82:79:82:Infinity":12,"b:83:16:88:Infinity:undefined:undefined:undefined:undefined":13,"s:83:16:88:Infinity":33,"s:84:20:84:Infinity":34,"s:85:20:85:Infinity":35,"s:86:20:86:Infinity":36,"s:87:20:87:Infinity":37,"s:89:16:89:Infinity":38,"s:91:16:93:Infinity":39,"s:91:29:91:32":40,"s:92:20:92:Infinity":41,"s:97:8:97:Infinity":42,"b:99:8:102:Infinity:undefined:undefined:undefined:undefined":14,"s:99:8:102:Infinity":43,"s:100:12:100:Infinity":44,"s:101:12:101:Infinity":45,"s:106:4:110:Infinity":46,"f:106:20:106:26":5,"b:107:8:109:Infinity:undefined:undefined:undefined:undefined":15,"s:107:8:109:Infinity":47,"b:107:12:107:27:107:27:107:62":16,"s:108:12:108:Infinity":48,"s:112:4:117:Infinity":49,"f:112:20:112:26":6,"b:113:8:116:Infinity:undefined:undefined:undefined:undefined":17,"s:113:8:116:Infinity":50,"b:113:12:113:27:113:27:113:44":18,"s:115:12:115:Infinity":51,"s:121:4:219:Infinity":52,"f:121:20:121:26":7,"s:122:19:122:Infinity":53,"b:123:8:123:Infinity:undefined:undefined:undefined:undefined":19,"s:123:8:123:Infinity":54,"s:123:17:123:Infinity":55,"s:125:34:197:Infinity":56,"f:125:34:125:35":8,"b:126:12:154:Infinity:undefined:undefined:undefined:undefined":20,"s:126:12:154:Infinity":57,"b:126:16:126:48:126:48:126:83":21,"s:127:16:127:Infinity":58,"s:129:29:129:Infinity":59,"b:129:29:129:39:129:39:129:Infinity":22,"s:130:39:130:Infinity":60,"s:138:22:147:Infinity":61,"b:149:16:153:Infinity:undefined:undefined:undefined:undefined":23,"s:149:16:153:Infinity":62,"s:150:20:150:Infinity":63,"s:151:20:151:Infinity":64,"s:152:20:152:Infinity":65,"b:156:12:196:Infinity:undefined:undefined:undefined:undefined":24,"s:156:12:196:Infinity":66,"s:157:16:157:Infinity":67,"s:158:39:158:Infinity":68,"b:160:16:195:Infinity:178:16:195:Infinity":25,"s:160:16:195:Infinity":69,"s:161:26:170:Infinity":70,"b:172:20:176:Infinity:undefined:undefined:undefined:undefined":26,"s:172:20:176:Infinity":71,"s:173:24:173:Infinity":72,"s:174:24:174:Infinity":73,"s:175:24:175:Infinity":74,"b:178:16:195:Infinity:undefined:undefined:undefined:undefined":27,"s:178:16:195:Infinity":75,"s:179:26:188:Infinity":76,"b:190:20:194:Infinity:undefined:undefined:undefined:undefined":28,"s:190:20:194:Infinity":77,"s:191:24:191:Infinity":78,"s:192:24:192:Infinity":79,"s:193:24:193:Infinity":80,"s:199:28:211:Infinity":81,"f:199:28:199:34":9,"s:201:18:201:Infinity":82,"b:202:12:210:Infinity:undefined:undefined:undefined:undefined":29,"s:202:12:210:Infinity":83,"s:204:34:204:Infinity":84,"b:205:16:209:Infinity:undefined:undefined:undefined:undefined":30,"s:205:16:209:Infinity":85,"s:206:20:206:Infinity":86,"s:208:20:208:Infinity":87,"s:213:8:213:Infinity":88,"s:214:8:214:Infinity":89,"s:215:8:218:Infinity":90,"f:215:15:215:21":10,"s:216:12:216:Infinity":91,"s:217:12:217:Infinity":92,"s:221:10:221:Infinity":93,"s:223:4:228:Infinity":94}}}
,"/Users/omsoo/Projects/input-number-mask/src/hook/useInputNumberMask.ts": {"path":"/Users/omsoo/Projects/input-number-mask/src/hook/useInputNumberMask.ts","statementMap":{"0":{"start":{"line":68,"column":26},"end":{"line":74,"column":null}},"1":{"start":{"line":69,"column":8},"end":{"line":72,"column":null}},"2":{"start":{"line":70,"column":18},"end":{"line":70,"column":null}},"3":{"start":{"line":71,"column":12},"end":{"line":71,"column":null}},"4":{"start":{"line":73,"column":8},"end":{"line":73,"column":null}},"5":{"start":{"line":76,"column":28},"end":{"line":76,"column":null}},"6":{"start":{"line":77,"column":10},"end":{"line":77,"column":null}},"7":{"start":{"line":78,"column":10},"end":{"line":78,"column":null}},"8":{"start":{"line":80,"column":32},"end":{"line":84,"column":null}},"9":{"start":{"line":86,"column":4},"end":{"line":88,"column":null}},"10":{"start":{"line":87,"column":8},"end":{"line":87,"column":null}},"11":{"start":{"line":90,"column":4},"end":{"line":94,"column":null}},"12":{"start":{"line":91,"column":8},"end":{"line":93,"column":null}},"13":{"start":{"line":92,"column":12},"end":{"line":92,"column":null}},"14":{"start":{"line":96,"column":4},"end":{"line":215,"column":null}},"15":{"start":{"line":97,"column":22},"end":{"line":97,"column":null}},"16":{"start":{"line":98,"column":8},"end":{"line":98,"column":null}},"17":{"start":{"line":98,"column":20},"end":{"line":98,"column":null}},"18":{"start":{"line":100,"column":32},"end":{"line":107,"column":null}},"19":{"start":{"line":101,"column":12},"end":{"line":106,"column":null}},"20":{"start":{"line":102,"column":16},"end":{"line":105,"column":null}},"21":{"start":{"line":109,"column":30},"end":{"line":136,"column":null}},"22":{"start":{"line":110,"column":12},"end":{"line":110,"column":null}},"23":{"start":{"line":111,"column":23},"end":{"line":111,"column":null}},"24":{"start":{"line":112,"column":26},"end":{"line":112,"column":null}},"25":{"start":{"line":113,"column":24},"end":{"line":113,"column":null}},"26":{"start":{"line":115,"column":12},"end":{"line":135,"column":null}},"27":{"start":{"line":116,"column":16},"end":{"line":116,"column":null}},"28":{"start":{"line":117,"column":29},"end":{"line":117,"column":null}},"29":{"start":{"line":119,"column":22},"end":{"line":128,"column":null}},"30":{"start":{"line":130,"column":16},"end":{"line":134,"column":null}},"31":{"start":{"line":131,"column":20},"end":{"line":131,"column":null}},"32":{"start":{"line":132,"column":20},"end":{"line":132,"column":null}},"33":{"start":{"line":133,"column":20},"end":{"line":133,"column":null}},"34":{"start":{"line":138,"column":28},"end":{"line":198,"column":null}},"35":{"start":{"line":139,"column":27},"end":{"line":139,"column":null}},"36":{"start":{"line":140,"column":29},"end":{"line":140,"column":null}},"37":{"start":{"line":141,"column":30},"end":{"line":141,"column":null}},"38":{"start":{"line":143,"column":30},"end":{"line":143,"column":null}},"39":{"start":{"line":144,"column":28},"end":{"line":144,"column":null}},"40":{"start":{"line":146,"column":36},"end":{"line":146,"column":null}},"41":{"start":{"line":147,"column":31},"end":{"line":147,"column":null}},"42":{"start":{"line":149,"column":12},"end":{"line":173,"column":null}},"43":{"start":{"line":150,"column":36},"end":{"line":150,"column":null}},"44":{"start":{"line":151,"column":29},"end":{"line":151,"column":null}},"45":{"start":{"line":154,"column":16},"end":{"line":172,"column":null}},"46":{"start":{"line":155,"column":26},"end":{"line":164,"column":null}},"47":{"start":{"line":166,"column":20},"end":{"line":171,"column":null}},"48":{"start":{"line":167,"column":24},"end":{"line":167,"column":null}},"49":{"start":{"line":168,"column":24},"end":{"line":168,"column":null}},"50":{"start":{"line":169,"column":24},"end":{"line":169,"column":null}},"51":{"start":{"line":170,"column":24},"end":{"line":170,"column":null}},"52":{"start":{"line":175,"column":35},"end":{"line":195,"column":null}},"53":{"start":{"line":176,"column":37},"end":{"line":176,"column":null}},"54":{"start":{"line":177,"column":22},"end":{"line":177,"column":null}},"55":{"start":{"line":179,"column":22},"end":{"line":179,"column":null}},"56":{"start":{"line":180,"column":22},"end":{"line":180,"column":null}},"57":{"start":{"line":182,"column":16},"end":{"line":188,"column":null}},"58":{"start":{"line":183,"column":39},"end":{"line":183,"column":null}},"59":{"start":{"line":184,"column":20},"end":{"line":186,"column":null}},"60":{"start":{"line":185,"column":24},"end":{"line":185,"column":null}},"61":{"start":{"line":185,"column":35},"end":{"line":185,"column":null}},"62":{"start":{"line":187,"column":20},"end":{"line":187,"column":null}},"63":{"start":{"line":190,"column":16},"end":{"line":190,"column":null}},"64":{"start":{"line":191,"column":16},"end":{"line":191,"column":null}},"65":{"start":{"line":193,"column":22},"end":{"line":193,"column":null}},"66":{"start":{"line":194,"column":16},"end":{"line":194,"column":null}},"67":{"start":{"line":197,"column":12},"end":{"line":197,"column":null}},"68":{"start":{"line":200,"column":8},"end":{"line":200,"column":null}},"69":{"start":{"line":201,"column":8},"end":{"line":201,"column":null}},"70":{"start":{"line":202,"column":8},"end":{"line":202,"column":null}},"71":{"start":{"line":203,"column":8},"end":{"line":203,"column":null}},"72":{"start":{"line":204,"column":8},"end":{"line":204,"column":null}},"73":{"start":{"line":205,"column":8},"end":{"line":205,"column":null}},"74":{"start":{"line":207,"column":8},"end":{"line":214,"column":null}},"75":{"start":{"line":208,"column":12},"end":{"line":208,"column":null}},"76":{"start":{"line":209,"column":12},"end":{"line":209,"column":null}},"77":{"start":{"line":210,"column":12},"end":{"line":210,"column":null}},"78":{"start":{"line":211,"column":12},"end":{"line":211,"column":null}},"79":{"start":{"line":212,"column":12},"end":{"line":212,"column":null}},"80":{"start":{"line":213,"column":12},"end":{"line":213,"column":null}},"81":{"start":{"line":217,"column":10},"end":{"line":217,"column":null}},"82":{"start":{"line":219,"column":4},"end":{"line":224,"column":null}}},"fnMap":{"0":{"name":"useInputNumberMask","decl":{"start":{"line":60,"column":16},"end":{"line":60,"column":35}},"loc":{"start":{"line":66,"column":54},"end":{"line":225,"column":null}},"line":66},"1":{"name":"(anonymous_1)","decl":{"start":{"line":68,"column":39},"end":{"line":68,"column":45}},"loc":{"start":{"line":68,"column":45},"end":{"line":74,"column":5}},"line":68},"2":{"name":"(anonymous_2)","decl":{"start":{"line":90,"column":20},"end":{"line":90,"column":26}},"loc":{"start":{"line":90,"column":26},"end":{"line":94,"column":7}},"line":90},"3":{"name":"(anonymous_3)","decl":{"start":{"line":96,"column":20},"end":{"line":96,"column":26}},"loc":{"start":{"line":96,"column":26},"end":{"line":215,"column":7}},"line":96},"4":{"name":"(anonymous_4)","decl":{"start":{"line":100,"column":32},"end":{"line":100,"column":38}},"loc":{"start":{"line":100,"column":38},"end":{"line":107,"column":null}},"line":100},"5":{"name":"(anonymous_5)","decl":{"start":{"line":109,"column":30},"end":{"line":109,"column":31}},"loc":{"start":{"line":109,"column":63},"end":{"line":136,"column":null}},"line":109},"6":{"name":"(anonymous_6)","decl":{"start":{"line":138,"column":28},"end":{"line":138,"column":29}},"loc":{"start":{"line":138,"column":42},"end":{"line":198,"column":null}},"line":138},"7":{"name":"(anonymous_7)","decl":{"start":{"line":175,"column":35},"end":{"line":175,"column":41}},"loc":{"start":{"line":175,"column":41},"end":{"line":195,"column":null}},"line":175},"8":{"name":"(anonymous_8)","decl":{"start":{"line":184,"column":42},"end":{"line":184,"column":48}},"loc":{"start":{"line":184,"column":48},"end":{"line":186,"column":21}},"line":184},"9":{"name":"(anonymous_9)","decl":{"start":{"line":207,"column":15},"end":{"line":207,"column":21}},"loc":{"start":{"line":207,"column":21},"end":{"line":214,"column":null}},"line":207}},"branchMap":{"0":{"loc":{"start":{"line":63,"column":4},"end":{"line":63,"column":null}},"type":"default-arg","locations":[{"start":{"line":63,"column":19},"end":{"line":63,"column":null}}],"line":63},"1":{"loc":{"start":{"line":69,"column":8},"end":{"line":72,"column":null}},"type":"if","locations":[{"start":{"line":69,"column":8},"end":{"line":72,"column":null}},{"start":{},"end":{}}],"line":69},"2":{"loc":{"start":{"line":80,"column":32},"end":{"line":84,"column":null}},"type":"cond-expr","locations":[{"start":{"line":81,"column":11},"end":{"line":83,"column":null}},{"start":{"line":84,"column":10},"end":{"line":84,"column":null}}],"line":80},"3":{"loc":{"start":{"line":81,"column":11},"end":{"line":83,"column":null}},"type":"cond-expr","locations":[{"start":{"line":82,"column":14},"end":{"line":82,"column":null}},{"start":{"line":82,"column":14},"end":{"line":83,"column":null}}],"line":81},"4":{"loc":{"start":{"line":81,"column":11},"end":{"line":81,"column":null}},"type":"binary-expr","locations":[{"start":{"line":81,"column":11},"end":{"line":81,"column":27}},{"start":{"line":81,"column":11},"end":{"line":81,"column":null}}],"line":81},"5":{"loc":{"start":{"line":86,"column":4},"end":{"line":88,"column":null}},"type":"if","locations":[{"start":{"line":86,"column":4},"end":{"line":88,"column":null}},{"start":{},"end":{}}],"line":86},"6":{"loc":{"start":{"line":86,"column":8},"end":{"line":86,"column":71}},"type":"binary-expr","locations":[{"start":{"line":86,"column":8},"end":{"line":86,"column":40}},{"start":{"line":86,"column":40},"end":{"line":86,"column":71}}],"line":86},"7":{"loc":{"start":{"line":91,"column":8},"end":{"line":93,"column":null}},"type":"if","locations":[{"start":{"line":91,"column":8},"end":{"line":93,"column":null}},{"start":{},"end":{}}],"line":91},"8":{"loc":{"start":{"line":91,"column":12},"end":{"line":91,"column":44}},"type":"binary-expr","locations":[{"start":{"line":91,"column":12},"end":{"line":91,"column":27}},{"start":{"line":91,"column":27},"end":{"line":91,"column":44}}],"line":91},"9":{"loc":{"start":{"line":98,"column":8},"end":{"line":98,"column":null}},"type":"if","locations":[{"start":{"line":98,"column":8},"end":{"line":98,"column":null}},{"start":{},"end":{}}],"line":98},"10":{"loc":{"start":{"line":101,"column":12},"end":{"line":106,"column":null}},"type":"if","locations":[{"start":{"line":101,"column":12},"end":{"line":106,"column":null}},{"start":{},"end":{}}],"line":101},"11":{"loc":{"start":{"line":103,"column":27},"end":{"line":103,"column":null}},"type":"binary-expr","locations":[{"start":{"line":103,"column":27},"end":{"line":103,"column":51}},{"start":{"line":103,"column":51},"end":{"line":103,"column":null}}],"line":103},"12":{"loc":{"start":{"line":104,"column":25},"end":{"line":104,"column":null}},"type":"binary-expr","locations":[{"start":{"line":104,"column":25},"end":{"line":104,"column":47}},{"start":{"line":104,"column":47},"end":{"line":104,"column":null}}],"line":104},"13":{"loc":{"start":{"line":112,"column":26},"end":{"line":112,"column":null}},"type":"binary-expr","locations":[{"start":{"line":112,"column":26},"end":{"line":112,"column":47}},{"start":{"line":112,"column":47},"end":{"line":112,"column":null}}],"line":112},"14":{"loc":{"start":{"line":113,"column":24},"end":{"line":113,"column":null}},"type":"binary-expr","locations":[{"start":{"line":113,"column":24},"end":{"line":113,"column":43}},{"start":{"line":113,"column":43},"end":{"line":113,"column":null}}],"line":113},"15":{"loc":{"start":{"line":115,"column":12},"end":{"line":135,"column":null}},"type":"if","locations":[{"start":{"line":115,"column":12},"end":{"line":135,"column":null}},{"start":{},"end":{}}],"line":115},"16":{"loc":{"start":{"line":115,"column":16},"end":{"line":115,"column":61}},"type":"binary-expr","locations":[{"start":{"line":115,"column":16},"end":{"line":115,"column":41}},{"start":{"line":115,"column":41},"end":{"line":115,"column":61}}],"line":115},"17":{"loc":{"start":{"line":117,"column":29},"end":{"line":117,"column":null}},"type":"cond-expr","locations":[{"start":{"line":117,"column":53},"end":{"line":117,"column":72}},{"start":{"line":117,"column":72},"end":{"line":117,"column":null}}],"line":117},"18":{"loc":{"start":{"line":130,"column":16},"end":{"line":134,"column":null}},"type":"if","locations":[{"start":{"line":130,"column":16},"end":{"line":134,"column":null}},{"start":{},"end":{}}],"line":130},"19":{"loc":{"start":{"line":141,"column":30},"end":{"line":141,"column":null}},"type":"binary-expr","locations":[{"start":{"line":141,"column":30},"end":{"line":141,"column":55}},{"start":{"line":141,"column":55},"end":{"line":141,"column":null}}],"line":141},"20":{"loc":{"start":{"line":149,"column":12},"end":{"line":173,"column":null}},"type":"if","locations":[{"start":{"line":149,"column":12},"end":{"line":173,"column":null}},{"start":{},"end":{}}],"line":149},"21":{"loc":{"start":{"line":149,"column":16},"end":{"line":149,"column":67}},"type":"binary-expr","locations":[{"start":{"line":149,"column":16},"end":{"line":149,"column":32}},{"start":{"line":149,"column":32},"end":{"line":149,"column":52}},{"start":{"line":149,"column":52},"end":{"line":149,"column":67}}],"line":149},"22":{"loc":{"start":{"line":154,"column":16},"end":{"line":172,"column":null}},"type":"if","locations":[{"start":{"line":154,"column":16},"end":{"line":172,"column":null}},{"start":{},"end":{}}],"line":154},"23":{"loc":{"start":{"line":166,"column":20},"end":{"line":171,"column":null}},"type":"if","locations":[{"start":{"line":166,"column":20},"end":{"line":171,"column":null}},{"start":{},"end":{}}],"line":166},"24":{"loc":{"start":{"line":182,"column":16},"end":{"line":188,"column":null}},"type":"if","locations":[{"start":{"line":182,"column":16},"end":{"line":188,"column":null}},{"start":{},"end":{}}],"line":182},"25":{"loc":{"start":{"line":185,"column":24},"end":{"line":185,"column":null}},"type":"if","locations":[{"start":{"line":185,"column":24},"end":{"line":185,"column":null}},{"start":{},"end":{}}],"line":185}},"s":{"0":172,"1":39,"2":38,"3":38,"4":1,"5":172,"6":172,"7":172,"8":172,"9":172,"10":6,"11":172,"12":166,"13":124,"14":172,"15":166,"16":166,"17":9,"18":157,"19":543,"20":543,"21":157,"22":125,"23":125,"24":125,"25":125,"26":125,"27":11,"28":11,"29":11,"30":11,"31":11,"32":11,"33":11,"34":157,"35":117,"36":117,"37":117,"38":117,"39":117,"40":117,"41":117,"42":117,"43":18,"44":18,"45":18,"46":18,"47":18,"48":18,"49":18,"50":18,"51":18,"52":99,"53":99,"54":99,"55":99,"56":99,"57":99,"58":4,"59":4,"60":4,"61":4,"62":4,"63":95,"64":95,"65":99,"66":99,"67":99,"68":157,"69":157,"70":157,"71":157,"72":157,"73":157,"74":157,"75":157,"76":157,"77":157,"78":157,"79":157,"80":157,"81":172,"82":172},"f":{"0":172,"1":39,"2":166,"3":166,"4":543,"5":125,"6":117,"7":99,"8":4,"9":157},"b":{"0":[172],"1":[38,1],"2":[171,1],"3":[27,144],"4":[171,34],"5":[6,166],"6":[172,171],"7":[124,42],"8":[166,157],"9":[9,157],"10":[543,0],"11":[543,45],"12":[543,45],"13":[125,15],"14":[125,15],"15":[11,114],"16":[125,115],"17":[10,1],"18":[11,0],"19":[117,0],"20":[18,99],"21":[117,19,18],"22":[18,0],"23":[18,0],"24":[4,95],"25":[4,0]},"meta":{"lastBranch":26,"lastFunction":10,"lastStatement":83,"seen":{"f:60:16:60:35":0,"b:63:19:63:Infinity":0,"s:68:26:74:Infinity":0,"f:68:39:68:45":1,"b:69:8:72:Infinity:undefined:undefined:undefined:undefined":1,"s:69:8:72:Infinity":1,"s:70:18:70:Infinity":2,"s:71:12:71:Infinity":3,"s:73:8:73:Infinity":4,"s:76:28:76:Infinity":5,"s:77:10:77:Infinity":6,"s:78:10:78:Infinity":7,"s:80:32:84:Infinity":8,"b:81:11:83:Infinity:84:10:84:Infinity":2,"b:82:14:82:Infinity:82:14:83:Infinity":3,"b:81:11:81:27:81:11:81:Infinity":4,"b:86:4:88:Infinity:undefined:undefined:undefined:undefined":5,"s:86:4:88:Infinity":9,"b:86:8:86:40:86:40:86:71":6,"s:87:8:87:Infinity":10,"s:90:4:94:Infinity":11,"f:90:20:90:26":2,"b:91:8:93:Infinity:undefined:undefined:undefined:undefined":7,"s:91:8:93:Infinity":12,"b:91:12:91:27:91:27:91:44":8,"s:92:12:92:Infinity":13,"s:96:4:215:Infinity":14,"f:96:20:96:26":3,"s:97:22:97:Infinity":15,"b:98:8:98:Infinity:undefined:undefined:undefined:undefined":9,"s:98:8:98:Infinity":16,"s:98:20:98:Infinity":17,"s:100:32:107:Infinity":18,"f:100:32:100:38":4,"b:101:12:106:Infinity:undefined:undefined:undefined:undefined":10,"s:101:12:106:Infinity":19,"s:102:16:105:Infinity":20,"b:103:27:103:51:103:51:103:Infinity":11,"b:104:25:104:47:104:47:104:Infinity":12,"s:109:30:136:Infinity":21,"f:109:30:109:31":5,"s:110:12:110:Infinity":22,"s:111:23:111:Infinity":23,"s:112:26:112:Infinity":24,"b:112:26:112:47:112:47:112:Infinity":13,"s:113:24:113:Infinity":25,"b:113:24:113:43:113:43:113:Infinity":14,"b:115:12:135:Infinity:undefined:undefined:undefined:undefined":15,"s:115:12:135:Infinity":26,"b:115:16:115:41:115:41:115:61":16,"s:116:16:116:Infinity":27,"s:117:29:117:Infinity":28,"b:117:53:117:72:117:72:117:Infinity":17,"s:119:22:128:Infinity":29,"b:130:16:134:Infinity:undefined:undefined:undefined:undefined":18,"s:130:16:134:Infinity":30,"s:131:20:131:Infinity":31,"s:132:20:132:Infinity":32,"s:133:20:133:Infinity":33,"s:138:28:198:Infinity":34,"f:138:28:138:29":6,"s:139:27:139:Infinity":35,"s:140:29:140:Infinity":36,"s:141:30:141:Infinity":37,"b:141:30:141:55:141:55:141:Infinity":19,"s:143:30:143:Infinity":38,"s:144:28:144:Infinity":39,"s:146:36:146:Infinity":40,"s:147:31:147:Infinity":41,"b:149:12:173:Infinity:undefined:undefined:undefined:undefined":20,"s:149:12:173:Infinity":42,"b:149:16:149:32:149:32:149:52:149:52:149:67":21,"s:150:36:150:Infinity":43,"s:151:29:151:Infinity":44,"b:154:16:172:Infinity:undefined:undefined:undefined:undefined":22,"s:154:16:172:Infinity":45,"s:155:26:164:Infinity":46,"b:166:20:171:Infinity:undefined:undefined:undefined:undefined":23,"s:166:20:171:Infinity":47,"s:167:24:167:Infinity":48,"s:168:24:168:Infinity":49,"s:169:24:169:Infinity":50,"s:170:24:170:Infinity":51,"s:175:35:195:Infinity":52,"f:175:35:175:41":7,"s:176:37:176:Infinity":53,"s:177:22:177:Infinity":54,"s:179:22:179:Infinity":55,"s:180:22:180:Infinity":56,"b:182:16:188:Infinity:undefined:undefined:undefined:undefined":24,"s:182:16:188:Infinity":57,"s:183:39:183:Infinity":58,"s:184:20:186:Infinity":59,"f:184:42:184:48":8,"b:185:24:185:Infinity:undefined:undefined:undefined:undefined":25,"s:185:24:185:Infinity":60,"s:185:35:185:Infinity":61,"s:187:20:187:Infinity":62,"s:190:16:190:Infinity":63,"s:191:16:191:Infinity":64,"s:193:22:193:Infinity":65,"s:194:16:194:Infinity":66,"s:197:12:197:Infinity":67,"s:200:8:200:Infinity":68,"s:201:8:201:Infinity":69,"s:202:8:202:Infinity":70,"s:203:8:203:Infinity":71,"s:204:8:204:Infinity":72,"s:205:8:205:Infinity":73,"s:207:8:214:Infinity":74,"f:207:15:207:21":9,"s:208:12:208:Infinity":75,"s:209:12:209:Infinity":76,"s:210:12:210:Infinity":77,"s:211:12:211:Infinity":78,"s:212:12:212:Infinity":79,"s:213:12:213:Infinity":80,"s:217:10:217:Infinity":81,"s:219:4:224:Infinity":82}}}
,"/Users/omsoo/Projects/input-number-mask/src/utils/maskUtils.ts": {"path":"/Users/omsoo/Projects/input-number-mask/src/utils/maskUtils.ts","statementMap":{"0":{"start":{"line":1,"column":23},"end":{"line":1,"column":null}},"1":{"start":{"line":1,"column":41},"end":{"line":1,"column":null}},"2":{"start":{"line":3,"column":26},"end":{"line":39,"column":null}},"3":{"start":{"line":4,"column":20},"end":{"line":4,"column":null}},"4":{"start":{"line":5,"column":12},"end":{"line":5,"column":null}},"5":{"start":{"line":7,"column":4},"end":{"line":37,"column":null}},"6":{"start":{"line":7,"column":17},"end":{"line":7,"column":20}},"7":{"start":{"line":8,"column":21},"end":{"line":8,"column":null}},"8":{"start":{"line":10,"column":8},"end":{"line":12,"column":null}},"9":{"start":{"line":11,"column":12},"end":{"line":11,"column":null}},"10":{"start":{"line":14,"column":8},"end":{"line":36,"column":null}},"11":{"start":{"line":15,"column":12},"end":{"line":20,"column":null}},"12":{"start":{"line":16,"column":16},"end":{"line":16,"column":null}},"13":{"start":{"line":17,"column":16},"end":{"line":17,"column":null}},"14":{"start":{"line":21,"column":8},"end":{"line":36,"column":null}},"15":{"start":{"line":22,"column":12},"end":{"line":22,"column":null}},"16":{"start":{"line":24,"column":24},"end":{"line":24,"column":null}},"17":{"start":{"line":25,"column":12},"end":{"line":27,"column":null}},"18":{"start":{"line":26,"column":16},"end":{"line":26,"column":null}},"19":{"start":{"line":28,"column":12},"end":{"line":35,"column":null}},"20":{"start":{"line":29,"column":16},"end":{"line":32,"column":null}},"21":{"start":{"line":30,"column":20},"end":{"line":30,"column":null}},"22":{"start":{"line":31,"column":20},"end":{"line":31,"column":null}},"23":{"start":{"line":33,"column":12},"end":{"line":35,"column":null}},"24":{"start":{"line":34,"column":16},"end":{"line":34,"column":null}},"25":{"start":{"line":38,"column":4},"end":{"line":38,"column":null}},"26":{"start":{"line":41,"column":30},"end":{"line":66,"column":null}},"27":{"start":{"line":42,"column":14},"end":{"line":42,"column":null}},"28":{"start":{"line":43,"column":15},"end":{"line":43,"column":null}},"29":{"start":{"line":45,"column":4},"end":{"line":64,"column":null}},"30":{"start":{"line":45,"column":17},"end":{"line":45,"column":20}},"31":{"start":{"line":46,"column":23},"end":{"line":46,"column":null}},"32":{"start":{"line":48,"column":8},"end":{"line":63,"column":null}},"33":{"start":{"line":49,"column":12},"end":{"line":60,"column":null}},"34":{"start":{"line":50,"column":16},"end":{"line":50,"column":null}},"35":{"start":{"line":53,"column":16},"end":{"line":59,"column":null}},"36":{"start":{"line":54,"column":20},"end":{"line":54,"column":null}},"37":{"start":{"line":56,"column":20},"end":{"line":58,"column":null}},"38":{"start":{"line":57,"column":24},"end":{"line":57,"column":null}},"39":{"start":{"line":62,"column":12},"end":{"line":62,"column":null}},"40":{"start":{"line":65,"column":4},"end":{"line":65,"column":null}},"41":{"start":{"line":68,"column":39},"end":{"line":162,"column":null}},"42":{"start":{"line":76,"column":19},"end":{"line":76,"column":null}},"43":{"start":{"line":77,"column":20},"end":{"line":77,"column":null}},"44":{"start":{"line":80,"column":4},"end":{"line":88,"column":null}},"45":{"start":{"line":81,"column":8},"end":{"line":86,"column":null}},"46":{"start":{"line":81,"column":21},"end":{"line":81,"column":28}},"47":{"start":{"line":82,"column":12},"end":{"line":85,"column":null}},"48":{"start":{"line":83,"column":30},"end":{"line":83,"column":null}},"49":{"start":{"line":84,"column":16},"end":{"line":84,"column":null}},"50":{"start":{"line":87,"column":8},"end":{"line":87,"column":null}},"51":{"start":{"line":91,"column":4},"end":{"line":142,"column":null}},"52":{"start":{"line":107,"column":26},"end":{"line":107,"column":null}},"53":{"start":{"line":108,"column":8},"end":{"line":115,"column":null}},"54":{"start":{"line":110,"column":12},"end":{"line":110,"column":null}},"55":{"start":{"line":112,"column":12},"end":{"line":114,"column":null}},"56":{"start":{"line":113,"column":16},"end":{"line":113,"column":null}},"57":{"start":{"line":118,"column":8},"end":{"line":123,"column":null}},"58":{"start":{"line":118,"column":21},"end":{"line":118,"column":34}},"59":{"start":{"line":119,"column":12},"end":{"line":122,"column":null}},"60":{"start":{"line":120,"column":30},"end":{"line":120,"column":null}},"61":{"start":{"line":121,"column":16},"end":{"line":121,"column":null}},"62":{"start":{"line":126,"column":26},"end":{"line":126,"column":null}},"63":{"start":{"line":127,"column":8},"end":{"line":132,"column":null}},"64":{"start":{"line":128,"column":12},"end":{"line":130,"column":null}},"65":{"start":{"line":129,"column":16},"end":{"line":129,"column":null}},"66":{"start":{"line":131,"column":12},"end":{"line":131,"column":null}},"67":{"start":{"line":134,"column":8},"end":{"line":139,"column":null}},"68":{"start":{"line":135,"column":12},"end":{"line":135,"column":null}},"69":{"start":{"line":136,"column":12},"end":{"line":136,"column":null}},"70":{"start":{"line":138,"column":12},"end":{"line":138,"column":null}},"71":{"start":{"line":141,"column":8},"end":{"line":141,"column":null}},"72":{"start":{"line":146,"column":22},"end":{"line":146,"column":null}},"73":{"start":{"line":147,"column":4},"end":{"line":152,"column":null}},"74":{"start":{"line":148,"column":8},"end":{"line":150,"column":null}},"75":{"start":{"line":149,"column":12},"end":{"line":149,"column":null}},"76":{"start":{"line":151,"column":8},"end":{"line":151,"column":null}},"77":{"start":{"line":154,"column":4},"end":{"line":159,"column":null}},"78":{"start":{"line":155,"column":8},"end":{"line":155,"column":null}},"79":{"start":{"line":156,"column":8},"end":{"line":156,"column":null}},"80":{"start":{"line":158,"column":8},"end":{"line":158,"column":null}},"81":{"start":{"line":161,"column":4},"end":{"line":161,"column":null}},"82":{"start":{"line":164,"column":31},"end":{"line":189,"column":null}},"83":{"start":{"line":165,"column":4},"end":{"line":165,"column":null}},"84":{"start":{"line":165,"column":42},"end":{"line":165,"column":null}},"85":{"start":{"line":167,"column":4},"end":{"line":187,"column":null}},"86":{"start":{"line":167,"column":17},"end":{"line":167,"column":20}},"87":{"start":{"line":168,"column":21},"end":{"line":168,"column":null}},"88":{"start":{"line":169,"column":22},"end":{"line":169,"column":null}},"89":{"start":{"line":170,"column":22},"end":{"line":170,"column":null}},"90":{"start":{"line":172,"column":8},"end":{"line":186,"column":null}},"91":{"start":{"line":175,"column":32},"end":{"line":175,"column":null}},"92":{"start":{"line":176,"column":34},"end":{"line":176,"column":null}},"93":{"start":{"line":178,"column":12},"end":{"line":180,"column":null}},"94":{"start":{"line":179,"column":16},"end":{"line":179,"column":null}},"95":{"start":{"line":183,"column":12},"end":{"line":185,"column":null}},"96":{"start":{"line":184,"column":16},"end":{"line":184,"column":null}},"97":{"start":{"line":188,"column":4},"end":{"line":188,"column":null}},"98":{"start":{"line":192,"column":34},"end":{"line":315,"column":null}},"99":{"start":{"line":203,"column":24},"end":{"line":203,"column":null}},"100":{"start":{"line":205,"column":4},"end":{"line":235,"column":null}},"101":{"start":{"line":206,"column":8},"end":{"line":215,"column":null}},"102":{"start":{"line":212,"column":12},"end":{"line":214,"column":null}},"103":{"start":{"line":213,"column":16},"end":{"line":213,"column":null}},"104":{"start":{"line":218,"column":24},"end":{"line":218,"column":null}},"105":{"start":{"line":219,"column":8},"end":{"line":223,"column":null}},"106":{"start":{"line":220,"column":12},"end":{"line":220,"column":null}},"107":{"start":{"line":222,"column":12},"end":{"line":222,"column":null}},"108":{"start":{"line":225,"column":26},"end":{"line":225,"column":null}},"109":{"start":{"line":226,"column":26},"end":{"line":226,"column":null}},"110":{"start":{"line":229,"column":32},"end":{"line":229,"column":null}},"111":{"start":{"line":230,"column":35},"end":{"line":230,"column":null}},"112":{"start":{"line":232,"column":26},"end":{"line":232,"column":null}},"113":{"start":{"line":234,"column":8},"end":{"line":234,"column":null}},"114":{"start":{"line":237,"column":4},"end":{"line":275,"column":null}},"115":{"start":{"line":238,"column":8},"end":{"line":238,"column":null}},"116":{"start":{"line":238,"column":41},"end":{"line":238,"column":null}},"117":{"start":{"line":240,"column":8},"end":{"line":250,"column":null}},"118":{"start":{"line":241,"column":12},"end":{"line":249,"column":null}},"119":{"start":{"line":242,"column":28},"end":{"line":242,"column":null}},"120":{"start":{"line":243,"column":16},"end":{"line":243,"column":null}},"121":{"start":{"line":245,"column":34},"end":{"line":245,"column":null}},"122":{"start":{"line":246,"column":34},"end":{"line":246,"column":null}},"123":{"start":{"line":247,"column":34},"end":{"line":247,"column":null}},"124":{"start":{"line":248,"column":16},"end":{"line":248,"column":null}},"125":{"start":{"line":253,"column":26},"end":{"line":253,"column":null}},"126":{"start":{"line":254,"column":8},"end":{"line":261,"column":null}},"127":{"start":{"line":255,"column":38},"end":{"line":255,"column":null}},"128":{"start":{"line":256,"column":12},"end":{"line":260,"column":null}},"129":{"start":{"line":257,"column":16},"end":{"line":257,"column":null}},"130":{"start":{"line":259,"column":16},"end":{"line":259,"column":null}},"131":{"start":{"line":263,"column":8},"end":{"line":263,"column":null}},"132":{"start":{"line":263,"column":29},"end":{"line":263,"column":null}},"133":{"start":{"line":265,"column":8},"end":{"line":274,"column":null}},"134":{"start":{"line":266,"column":26},"end":{"line":266,"column":null}},"135":{"start":{"line":267,"column":27},"end":{"line":267,"column":null}},"136":{"start":{"line":268,"column":12},"end":{"line":268,"column":null}},"137":{"start":{"line":270,"column":30},"end":{"line":270,"column":null}},"138":{"start":{"line":271,"column":30},"end":{"line":271,"column":null}},"139":{"start":{"line":272,"column":30},"end":{"line":272,"column":null}},"140":{"start":{"line":273,"column":12},"end":{"line":273,"column":null}},"141":{"start":{"line":277,"column":4},"end":{"line":312,"column":null}},"142":{"start":{"line":278,"column":8},"end":{"line":288,"column":null}},"143":{"start":{"line":279,"column":12},"end":{"line":287,"column":null}},"144":{"start":{"line":280,"column":28},"end":{"line":280,"column":null}},"145":{"start":{"line":281,"column":16},"end":{"line":281,"column":null}},"146":{"start":{"line":283,"column":34},"end":{"line":283,"column":null}},"147":{"start":{"line":284,"column":34},"end":{"line":284,"column":null}},"148":{"start":{"line":285,"column":34},"end":{"line":285,"column":null}},"149":{"start":{"line":286,"column":16},"end":{"line":286,"column":null}},"150":{"start":{"line":290,"column":26},"end":{"line":290,"column":null}},"151":{"start":{"line":291,"column":8},"end":{"line":298,"column":null}},"152":{"start":{"line":292,"column":38},"end":{"line":292,"column":null}},"153":{"start":{"line":293,"column":12},"end":{"line":297,"column":null}},"154":{"start":{"line":294,"column":16},"end":{"line":294,"column":null}},"155":{"start":{"line":296,"column":16},"end":{"line":296,"column":null}},"156":{"start":{"line":300,"column":8},"end":{"line":300,"column":null}},"157":{"start":{"line":300,"column":48},"end":{"line":300,"column":null}},"158":{"start":{"line":302,"column":8},"end":{"line":311,"column":null}},"159":{"start":{"line":303,"column":26},"end":{"line":303,"column":null}},"160":{"start":{"line":304,"column":27},"end":{"line":304,"column":null}},"161":{"start":{"line":305,"column":12},"end":{"line":305,"column":null}},"162":{"start":{"line":307,"column":30},"end":{"lin
[...]
:{"line":148,"column":8},"end":{"line":150,"column":null}},{"start":{},"end":{}}],"line":148},"30":{"loc":{"start":{"line":154,"column":4},"end":{"line":159,"column":null}},"type":"if","locations":[{"start":{"line":154,"column":4},"end":{"line":159,"column":null}},{"start":{"line":157,"column":11},"end":{"line":159,"column":null}}],"line":154},"31":{"loc":{"start":{"line":154,"column":8},"end":{"line":154,"column":56}},"type":"binary-expr","locations":[{"start":{"line":154,"column":8},"end":{"line":154,"column":41}},{"start":{"line":154,"column":41},"end":{"line":154,"column":56}}],"line":154},"32":{"loc":{"start":{"line":165,"column":4},"end":{"line":165,"column":null}},"type":"if","locations":[{"start":{"line":165,"column":4},"end":{"line":165,"column":null}},{"start":{},"end":{}}],"line":165},"33":{"loc":{"start":{"line":170,"column":22},"end":{"line":170,"column":null}},"type":"cond-expr","locations":[{"start":{"line":170,"column":62},"end":{"line":170,"column":79}},{"start":{"line":170,"column":79},"end":{"line":170,"column":null}}],"line":170},"34":{"loc":{"start":{"line":170,"column":22},"end":{"line":170,"column":62}},"type":"binary-expr","locations":[{"start":{"line":170,"column":22},"end":{"line":170,"column":37}},{"start":{"line":170,"column":37},"end":{"line":170,"column":62}}],"line":170},"35":{"loc":{"start":{"line":172,"column":8},"end":{"line":186,"column":null}},"type":"if","locations":[{"start":{"line":172,"column":8},"end":{"line":186,"column":null}},{"start":{"line":181,"column":15},"end":{"line":186,"column":null}}],"line":172},"36":{"loc":{"start":{"line":176,"column":44},"end":{"line":176,"column":null}},"type":"binary-expr","locations":[{"start":{"line":176,"column":44},"end":{"line":176,"column":53}},{"start":{"line":176,"column":53},"end":{"line":176,"column":null}}],"line":176},"37":{"loc":{"start":{"line":178,"column":12},"end":{"line":180,"column":null}},"type":"if","locations":[{"start":{"line":178,"column":12},"end":{"line":180,"column":null}},{"start":{},"end":{}}],"line":178},"38":{"loc":{"start":{"line":178,"column":16},"end":{"line":178,"column":48}},"type":"binary-expr","locations":[{"start":{"line":178,"column":16},"end":{"line":178,"column":32}},{"start":{"line":178,"column":32},"end":{"line":178,"column":48}}],"line":178},"39":{"loc":{"start":{"line":183,"column":12},"end":{"line":185,"column":null}},"type":"if","locations":[{"start":{"line":183,"column":12},"end":{"line":185,"column":null}},{"start":{},"end":{}}],"line":183},"40":{"loc":{"start":{"line":199,"column":4},"end":{"line":199,"column":null}},"type":"default-arg","locations":[{"start":{"line":199,"column":19},"end":{"line":199,"column":null}}],"line":199},"41":{"loc":{"start":{"line":200,"column":4},"end":{"line":200,"column":null}},"type":"default-arg","locations":[{"start":{"line":200,"column":28},"end":{"line":200,"column":null}}],"line":200},"42":{"loc":{"start":{"line":205,"column":4},"end":{"line":235,"column":null}},"type":"if","locations":[{"start":{"line":205,"column":4},"end":{"line":235,"column":null}},{"start":{},"end":{}}],"line":205},"43":{"loc":{"start":{"line":206,"column":8},"end":{"line":215,"column":null}},"type":"if","locations":[{"start":{"line":206,"column":8},"end":{"line":215,"column":null}},{"start":{},"end":{}}],"line":206},"44":{"loc":{"start":{"line":212,"column":12},"end":{"line":214,"column":null}},"type":"if","locations":[{"start":{"line":212,"column":12},"end":{"line":214,"column":null}},{"start":{},"end":{}}],"line":212},"45":{"loc":{"start":{"line":212,"column":16},"end":{"line":212,"column":62}},"type":"binary-expr","locations":[{"start":{"line":212,"column":16},"end":{"line":212,"column":37}},{"start":{"line":212,"column":37},"end":{"line":212,"column":62}}],"line":212},"46":{"loc":{"start":{"line":219,"column":8},"end":{"line":223,"column":null}},"type":"if","locations":[{"start":{"line":219,"column":8},"end":{"line":223,"column":null}},{"start":{"line":221,"column":15},"end":{"line":223,"column":null}}],"line":219},"47":{"loc":{"start":{"line":237,"column":4},"end":{"line":275,"column":null}},"type":"if","locations":[{"start":{"line":237,"column":4},"end":{"line":275,"column":null}},{"start":{},"end":{}}],"line":237},"48":{"loc":{"start":{"line":238,"column":8},"end":{"line":238,"column":null}},"type":"if","locations":[{"start":{"line":238,"column":8},"end":{"line":238,"column":null}},{"start":{},"end":{}}],"line":238},"49":{"loc":{"start":{"line":238,"column":12},"end":{"line":238,"column":41}},"type":"binary-expr","locations":[{"start":{"line":238,"column":12},"end":{"line":238,"column":27}},{"start":{"line":238,"column":27},"end":{"line":238,"column":41}}],"line":238},"50":{"loc":{"start":{"line":240,"column":8},"end":{"line":250,"column":null}},"type":"if","locations":[{"start":{"line":240,"column":8},"end":{"line":250,"column":null}},{"start":{},"end":{}}],"line":240},"51":{"loc":{"start":{"line":241,"column":12},"end":{"line":249,"column":null}},"type":"if","locations":[{"start":{"line":241,"column":12},"end":{"line":249,"column":null}},{"start":{"line":244,"column":19},"end":{"line":249,"column":null}}],"line":241},"52":{"loc":{"start":{"line":256,"column":12},"end":{"line":260,"column":null}},"type":"if","locations":[{"start":{"line":256,"column":12},"end":{"line":260,"column":null}},{"start":{"line":258,"column":19},"end":{"line":260,"column":null}}],"line":256},"53":{"loc":{"start":{"line":263,"column":8},"end":{"line":263,"column":null}},"type":"if","locations":[{"start":{"line":263,"column":8},"end":{"line":263,"column":null}},{"start":{},"end":{}}],"line":263},"54":{"loc":{"start":{"line":265,"column":8},"end":{"line":274,"column":null}},"type":"if","locations":[{"start":{"line":265,"column":8},"end":{"line":274,"column":null}},{"start":{"line":269,"column":15},"end":{"line":274,"column":null}}],"line":265},"55":{"loc":{"start":{"line":266,"column":26},"end":{"line":266,"column":null}},"type":"cond-expr","locations":[{"start":{"line":266,"column":76},"end":{"line":266,"column":103}},{"start":{"line":266,"column":103},"end":{"line":266,"column":null}}],"line":266},"56":{"loc":{"start":{"line":266,"column":26},"end":{"line":266,"column":76}},"type":"binary-expr","locations":[{"start":{"line":266,"column":26},"end":{"line":266,"column":41}},{"start":{"line":266,"column":41},"end":{"line":266,"column":76}}],"line":266},"57":{"loc":{"start":{"line":277,"column":4},"end":{"line":312,"column":null}},"type":"if","locations":[{"start":{"line":277,"column":4},"end":{"line":312,"column":null}},{"start":{},"end":{}}],"line":277},"58":{"loc":{"start":{"line":278,"column":8},"end":{"line":288,"column":null}},"type":"if","locations":[{"start":{"line":278,"column":8},"end":{"line":288,"column":null}},{"start":{},"end":{}}],"line":278},"59":{"loc":{"start":{"line":279,"column":12},"end":{"line":287,"column":null}},"type":"if","locations":[{"start":{"line":279,"column":12},"end":{"line":287,"column":null}},{"start":{"line":282,"column":19},"end":{"line":287,"column":null}}],"line":279},"60":{"loc":{"start":{"line":293,"column":12},"end":{"line":297,"column":null}},"type":"if","locations":[{"start":{"line":293,"column":12},"end":{"line":297,"column":null}},{"start":{"line":295,"column":19},"end":{"line":297,"column":null}}],"line":293},"61":{"loc":{"start":{"line":300,"column":8},"end":{"line":300,"column":null}},"type":"if","locations":[{"start":{"line":300,"column":8},"end":{"line":300,"column":null}},{"start":{},"end":{}}],"line":300},"62":{"loc":{"start":{"line":302,"column":8},"end":{"line":311,"column":null}},"type":"if","locations":[{"start":{"line":302,"column":8},"end":{"line":311,"column":null}},{"start":{"line":306,"column":15},"end":{"line":311,"column":null}}],"line":302},"63":{"loc":{"start":{"line":303,"column":26},"end":{"line":303,"column":null}},"type":"cond-expr","locations":[{"start":{"line":303,"column":76},"end":{"line":303,"column":103}},{"start":{"line":303,"column":103},"end":{"line":303,"column":null}}],"line":303},"64":{"loc":{"start":{"line":303,"column":26},"end":{"line":303,"column":76}},"type":"binary-expr","locations":[{"start":{"line":303,"column":26},"end":{"line":303,"column":41}},{"start":{"line":303,"column":41},"end":{"line":303,"column":76}}],"line":303},"65":{"loc":{"start":{"line":332,"column":8},"end":{"line":332,"column":null}},"type":"if","locations":[{"start":{"line":332,"column":8},"end":{"line":332,"column":null}},{"start":{},"end":{}}],"line":332},"66":{"loc":{"start":{"line":333,"column":8},"end":{"line":335,"column":null}},"type":"if","locations":[{"start":{"line":333,"column":8},"end":{"line":335,"column":null}},{"start":{},"end":{}}],"line":333},"67":{"loc":{"start":{"line":333,"column":12},"end":{"line":333,"column":63}},"type":"binary-expr","locations":[{"start":{"line":333,"column":12},"end":{"line":333,"column":42}},{"start":{"line":333,"column":42},"end":{"line":333,"column":63}}],"line":333},"68":{"loc":{"start":{"line":340,"column":11},"end":{"line":340,"column":77}},"type":"binary-expr","locations":[{"start":{"line":340,"column":11},"end":{"line":340,"column":48}},{"start":{"line":340,"column":48},"end":{"line":340,"column":77}}],"line":340}},"s":{"0":15,"1":5936,"2":15,"3":1277,"4":1277,"5":1277,"6":1277,"7":6112,"8":6112,"9":4,"10":6108,"11":4591,"12":4123,"13":4123,"14":1517,"15":1417,"16":100,"17":100,"18":106,"19":100,"20":100,"21":94,"22":94,"23":0,"24":0,"25":1277,"26":15,"27":593,"28":593,"29":593,"30":593,"31":3074,"32":3074,"33":2312,"34":1681,"35":631,"36":180,"37":451,"38":449,"39":762,"40":593,"41":15,"42":59,"43":59,"44":59,"45":11,"46":11,"47":17,"48":16,"49":16,"50":11,"51":48,"52":9,"53":9,"54":3,"55":3,"56":1,"57":9,"58":9,"59":15,"60":14,"61":14,"62":9,"63":9,"64":9,"65":9,"66":0,"67":9,"68":8,"69":8,"70":1,"71":9,"72":39,"73":39,"74":45,"75":37,"76":8,"77":39,"78":36,"79":36,"80":3,"81":39,"82":15,"83":78,"84":17,"85":61,"86":61,"87":541,"88":541,"89":541,"90":541,"91":434,"92":434,"93":434,"94":1,"95":107,"96":0,"97":60,"98":15,"99":114,"100":114,"101":84,"102":39,"103":35,"104":49,"105":49,"106":2,"107":47,"108":49,"109":49,"110":49,"111":49,"112":49,"113":49,"114":30,"115":23,"116":1,"117":22,"118":1,"119":1,"120":1,"121":0,"122":0,"123":0,"124":0,"125":21,"126":21,"127":27,"128":27,"129":7,"130":20,"131":21,"132":1,"133":20,"134":5,"135":5,"136":5,"137":15,"138":15,"139":15,"140":15,"141":7,"142":7,"143":2,"144":1,"145":1,"146":1,"147":1,"148":1,"149":1,"150":5,"151":5,"152":4,"153":4,"154":0,"155":4,"156":5,"157":1,"158":4,"159":1,"160":1,"161":1,"162":3,"163":3,"164":3,"165":3,"166":0,"167":15,"168":149,"169":149,"170":149,"171":149,"172":785,"173":47,"174":738,"175":552,"176":738,"177":149,"178":47,"179":149},"f":{"0":5936,"1":1277,"2":593,"3":59,"4":78,"5":114,"6":149},"b":{"0":[4,6108],"1":[4591,1517],"2":[4123,468],"3":[1417,100],"4":[100,206,106],"5":[100,0],"6":[100,100],"7":[94,6],"8":[0,0],"9":[0,0],"10":[2312,762],"11":[1681,631],"12":[180,451],"13":[631,182],"14":[449,2],"15":[11,48],"16":[16,1],"17":[14,2],"18":[16,14],"19":[9,39],"20":[3,6],"21":[9,8],"22":[3,2],"23":[14,1],"24":[14,0],"25":[14,14],"26":[9,0],"27":[8,1],"28":[9,9],"29":[37,8],"30":[36,3],"31":[39,37],"32":[17,61],"33":[515,26],"34":[541,515],"35":[434,107],"36":[434,22],"37":[1,433],"38":[434,107],"39":[0,107],"40":[114],"41":[114],"42":[84,30],"43":[39,45],"44":[35,4],"45":[39,37],"46":[2,47],"47":[23,7],"48":[1,22],"49":[23,2],"50":[1,21],"51":[1,0],"52":[7,20],"53":[1,20],"54":[5,15],"55":[5,0],"56":[5,5],"57":[7,0],"58":[2,5],"59":[1,1],"60":[0,4],"61":[1,4],"62":[1,3],"63":[1,0],"64":[1,1],"65":[47,738],"66":[552,186],"67":[738,552],"68":[149,56]},"meta":{"lastBranch":69,"lastFunction":7,"lastStatement":180,"seen":{"s:1:23:1:Infinity":0,"f:1:23:1:24":0,"s:1:41:1:Infinity":1,"s:3:26:39:Infinity":2,"f:3:26:3:27":1,"s:4:20:4:Infinity":3,"s:5:12:5:Infinity":4,"s:7:4:37:Infinity":5,"s:7:17:7:20":6,"s:8:21:8:Infinity":7,"b:10:8:12:Infinity:undefined:undefined:undefined:undefined":0,"s:10:8:12:Infinity":8,"s:11:12:11:Infinity":9,"b:14:8:36:Infinity:21:8:36:Infinity":1,"s:14:8:36:Infinity":10,"b:15:12:20:Infinity:18:19:20:Infinity":2,"s:15:12:20:Infinity":11,"s:16:16:16:Infinity":12,"s:17:16:17:Infinity":13,"b:21:8:36:Infinity:23:15:36:Infinity":3,"s:21:8:36:Infinity":14,"s:22:12:22:Infinity":15,"s:24:24:24:Infinity":16,"s:25:12:27:Infinity":17,"b:25:19:25:46:25:46:25:73:25:73:25:99":4,"s:26:16:26:Infinity":18,"b:28:12:35:Infinity:33:12:35:Infinity":5,"s:28:12:35:Infinity":19,"b:28:16:28:43:28:43:28:68":6,"b:29:16:32:Infinity:undefined:undefined:undefined:undefined":7,"s:29:16:32:Infinity":20,"s:30:20:30:Infinity":21,"s:31:20:31:Infinity":22,"b:33:12:35:Infinity:undefined:undefined:undefined:undefined":8,"s:33:12:35:Infinity":23,"b:33:23:33:50:33:50:33:76":9,"s:34:16:34:Infinity":24,"s:38:4:38:Infinity":25,"s:41:30:66:Infinity":26,"f:41:30:41:31":2,"s:42:14:42:Infinity":27,"s:43:15:43:Infinity":28,"s:45:4:64:Infinity":29,"s:45:17:45:20":30,"s:46:23:46:Infinity":31,"b:48:8:63:Infinity:61:15:63:Infinity":10,"s:48:8:63:Infinity":32,"b:49:12:60:Infinity:51:19:60:Infinity":11,"s:49:12:60:Infinity":33,"s:50:16:50:Infinity":34,"b:53:16:59:Infinity:55:23:59:Infinity":12,"s:53:16:59:Infinity":35,"b:53:20:53:35:53:35:53:59":13,"s:54:20:54:Infinity":36,"b:56:20:58:Infinity:undefined:undefined:undefined:undefined":14,"s:56:20:58:Infinity":37,"s:57:24:57:Infinity":38,"s:62:12:62:Infinity":39,"s:65:4:65:Infinity":40,"s:68:39:162:Infinity":41,"f:68:39:68:Infinity":3,"s:76:19:76:Infinity":42,"s:77:20:77:Infinity":43,"b:80:4:88:Infinity:undefined:undefined:undefined:undefined":15,"s:80:4:88:Infinity":44,"s:81:8:86:Infinity":45,"s:81:21:81:28":46,"b:82:12:85:Infinity:undefined:undefined:undefined:undefined":16,"s:82:12:85:Infinity":47,"s:83:30:83:Infinity":48,"b:83:70:83:87:83:87:83:Infinity":17,"b:83:30:83:45:83:45:83:70":18,"s:84:16:84:Infinity":49,"s:87:8:87:Infinity":50,"b:91:4:142:Infinity:undefined:undefined:undefined:undefined":19,"s:91:4:142:Infinity":51,"s:107:26:107:Infinity":52,"b:108:8:115:Infinity:undefined:undefined:undefined:undefined":20,"s:108:8:115:Infinity":53,"b:108:12:108:29:108:29:108:52":21,"s:110:12:110:Infinity":54,"s:112:12:114:Infinity":55,"b:112:19:112:40:112:40:112:71":22,"s:113:16:113:Infinity":56,"s:118:8:123:Infinity":57,"s:118:21:118:34":58,"b:119:12:122:Infinity:undefined:undefined:undefined:undefined":23,"s:119:12:122:Infinity":59,"s:120:30:120:Infinity":60,"b:120:70:120:87:120:87:120:Infinity":24,"b:120:30:120:45:120:45:120:70":25,"s:121:16:121:Infinity":61,"s:126:26:126:Infinity":62,"s:127:8:132:Infinity":63,"b:128:12:130:Infinity:undefined:undefined:undefined:undefined":26,"s:128:12:130:Infinity":64,"s:129:16:129:Infinity":65,"s:131:12:131:Infinity":66,"b:134:8:139:Infinity:137:15:139:Infinity":27,"s:134:8:139:Infinity":67,"b:134:12:134:45:134:45:134:60":28,"s:135:12:135:Infinity":68,"s:136:12:136:Infinity":69,"s:138:12:138:Infinity":70,"s:141:8:141:Infinity":71,"s:146:22:146:Infinity":72,"s:147:4:152:Infinity":73,"b:148:8:150:Infinity:undefined:undefined:undefined:undefined":29,"s:148:8:150:Infinity":74,"s:149:12:149:Infinity":75,"s:151:8:151:Infinity":76,"b:154:4:159:Infinity:157:11:159:Infinity":30,"s:154:4:159:Infinity":77,"b:154:8:154:41:154:41:154:56":31,"s:155:8:155:Infinity":78,"s:156:8:156:Infinity":79,"s:158:8:158:Infinity":80,"s:161:4:161:Infinity":81,"s:164:31:189:Infinity":82,"f:164:31:164:32":4,"b:165:4:165:Infinity:undefined:undefined:undefined:undefined":32,"s:165:4:165:Infinity":83,"s:165:42:165:Infinity":84,"s:167:4:187:Infinity":85,"s:167:17:167:20":86,"s:168:21:168:Infinity":87,"s:169:22:169:Infinity":88,"s:170:22:170:Infinity":89,"b:170:62:170:79:170:79:170:Infinity":33,"b:170:22:170:37:170:37:170:62":34,"b:172:8:186:Infinity:181:15:186:Infinity":35,"s:172:8:186:Infinity":90,"s:175:32:175:Infinity":91,"s:176:34:176:Infinity":92,"b:176:44:176:53:176:53:176:Infinity":36,"b:178:12:180:Infinity:undefined:undefined:undefined:undefined":37,"s:178:12:180:Infinity":93,"b:178:16:178:32:178:32:178:48":38,"s:179:16:179:Infinity":94,"b:183:12:185:Infinity:undefined:undefined:undefined:undefined":39,"s:183:12:185:Infinity":95,"s:184:16:184:Infinity":96,"s:188:4:188:Infinity":97,"s:192:34:315:Infinity":98,"f:192:34:192:Infinity":5,"b:199:19:199:Infinity":40,"b:200:28:200:Infinity":41,"s:203:24:203:Infinity":99,"b:205:4:235:Infinity:undefined:undefined:undefined:undefined":42,"s:205:4:235:Infinity":100,"b:206:8:215:Infinity:undefined:undefined:undefined:undefined":43,"s:206:8:215:Infinity":101,"b:212:12:214:Infinity:undefined:undefined:undefined:undefined":44,"s:212:12:214:Infinity":102,"b:212:16:212:37:212:37:212:62":45,"s:213:16:213:Infinity":103,"s:218:24:218:Infinity":104,"b:219:8:223:Infinity:221:15:223:Infinity":46,"s:219:8:223:Infinity":105,"s:220:12:220:Infinity":106,"s:222:12:222:Infinity":107,"s:225:26:225:Infinity":108,"s:226:26:226:Infinity":109,"s:229:32:229:Infinity":110,"s:230:35:230:Infinity":111,"s:232:26:232:Infinity":112,"s:234:8:234:Infinity":113,"b:237:4:275:Infinity:undefined:undefined:undefined:undefined":47,"s:237:4:275:Infinity":114,"b:238:8:238:Infinity:undefined:undefined:undefined:undefined":48,"s:238:8:238:Infinity":115,"b:238:12:238:27:238:27:238:41":49,"s:238:41:238:Infinity":116,"b:240:8:250:Infinity:undefined:undefined:undefined:undefined":50,"s:240:8:250:Infinity":117,"b:241:12:249:Infinity:244:19:249:Infinity":51,"s:241:12:249:Infinity":118,"s:242:28:242:Infinity":119,"s:243:16:243:Infinity":120,"s:245:34:245:Infinity":121,"s:246:34:246:Infinity":122,"s:247:34:247:Infinity":123,"s:248:16:248:Infinity":124,"s:253:26:253:Infinity":125,"s:254:8:261:Infinity":126,"s:255:38:255:Infinity":127,"b:256:12:260:Infinity:258:19:260:Infinity":52,"s:256:12:260:Infinity":128,"s:257:16:257:Infinity":129,"s:259:16:259:Infinity":130,"b:263:8:263:Infinity:undefined:undefined:undefined:undefined":53,"s:263:8:263:Infinity":131,"s:263:29:263:Infinity":132,"b:265:8:274:Infinity:269:15:274:Infinity":54,"s:265:8:274:Infinity":133,"s:266:26:266:Infinity":134,"b:266:76:266:103:266:103:266:Infinity":55,"b:266:26:266:41:266:41:266:76":56,"s:267:27:267:Infinity":135,"s:268:12:268:Infinity":136,"s:270:30:270:Infinity":137,"s:271:30:271:Infinity":138,"s:272:30:272:Infinity":139,"s:273:12:273:Infinity":140,"b:277:4:312:Infinity:undefined:undefined:undefined:undefined":57,"s:277:4:312:Infinity":141,"b:278:8:288:Infinity:undefined:undefined:undefined:undefined":58,"s:278:8:288:Infinity":142,"b:279:12:287:Infinity:282:19:287:Infinity":59,"s:279:12:287:Infinity":143,"s:280:28:280:Infinity":144,"s:281:16:281:Infinity":145,"s:283:34:283:Infinity":146,"s:284:34:284:Infinity":147,"s:285:34:285:Infinity":148,"s:286:16:286:Infinity":149,"s:290:26:290:Infinity":150,"s:291:8:298:Infinity":151,"s:292:38:292:Infinity":152,"b:293:12:297:Infinity:295:19:297:Infinity":60,"s:293:12:297:Infinity":153,"s:294:16:294:Infinity":154,"s:296:16:296:Infinity":155,"b:300:8:300:Infinity:undefined:undefined:undefined:undefined":61,"s:300:8:300:Infinity":156,"s:300:48:300:Infinity":157,"b:302:8:311:Infinity:306:15:311:Infinity":62,"s:302:8:311:Infinity":158,"s:303:26:303:Infinity":159,"b:303:76:303:103:303:103:303:Infinity":63,"b:303:26:303:41:303:41:303:76":64,"s:304:27:304:Infinity":160,"s:305:12:305:Infinity":161,"s:307:30:307:Infinity":162,"s:308:30:308:Infinity":163,"s:309:30:309:Infinity":164,"s:310:12:310:Infinity":165,"s:314:4:314:Infinity":166,"s:323:39:345:Infinity":167,"f:323:39:323:Infinity":6,"s:328:24:328:Infinity":168,"s:329:20:329:Infinity":169,"s:331:4:337:Infinity":170,"s:331:17:331:20":171,"b:332:8:332:Infinity:undefined:undefined:undefined:undefined":65,"s:332:8:332:Infinity":172,"s:332:49:332:Infinity":173,"b:333:8:335:Infinity:undefined:undefined:undefined:undefined":66,"s:333:8:335:Infinity":174,"b:333:12:333:42:333:42:333:63":67,"s:334:12:334:Infinity":175,"s:336:8:336:Infinity":176,"s:340:4:342:Infinity":177,"b:340:11:340:48:340:48:340:77":68,"s:341:8:341:Infinity":178,"s:344:4:344:Infinity":179}}}
}
